
Magic 8.3 revision 331 - Compiled on Sat Oct 22 18:40:56 UTC 2022.
Starting magic under Tcl interpreter
Using the terminal as the console.
Using NULL graphics device.
Processing system .magicrc file
Sourcing design .magicrc for technology gf180mcuC ...
10 Magic internal units = 1 Lambda
Input style import: scaleFactor=10, multiplier=2
The following types are not handled by extraction and will be treated as non-electrical types:
    obsactive mvobsactive filldiff fillpoly m1hole obsm1 fillm1 obsv1 m2hole obsm2 fillm2 obsv2 m3hole obsm3 fillm3 m4hole obsm4 fillm4 m5hole obsm5 fillm5 glass fillblock lvstext obscomment 
Scaled tech values by 10 / 1 to match internal grid scaling
Loading gf180mcuC Device Generator Menu ...
Using technology "gf180mcuC", version 1.0.359-0-g35c7265
Reading LEF data from file /localtmp/asic/gf180/pdk/gf180mcuC/libs.ref/gf180mcu_fd_sc_mcu7t5v0/techlef/gf180mcu_fd_sc_mcu7t5v0.tlef.
This action cannot be undone.
LEF read, Line 78 (Message): Unknown keyword "MINWIDTH" in LEF file; ignoring.
LEF read, Line 85 (Message): Unknown keyword "ANTENNAMODEL" in LEF file; ignoring.
LEF read, Line 95 (Message): Unknown keyword "DENSITYCHECKWINDOW" in LEF file; ignoring.
LEF read, Line 96 (Message): Unknown keyword "DENSITYCHECKSTEP" in LEF file; ignoring.
LEF read, Line 110 (Message): Unknown keyword "ARRAYSPACING" in LEF file; ignoring.
LEF read, Line 114 (Message): Unknown keyword "ANTENNAMODEL" in LEF file; ignoring.
LEF read, Line 126 (Message): Unknown keyword "MINWIDTH" in LEF file; ignoring.
LEF read, Line 133 (Message): Unknown keyword "ANTENNAMODEL" in LEF file; ignoring.
LEF read, Line 134 (Message): Unknown keyword "ANTENNADIFFSIDEAREARATIO" in LEF file; ignoring.
LEF read, Line 135 (Message): Unknown keyword "ANTENNAGATEPLUSDIFF" in LEF file; ignoring.
LEF read, Line 144 (Message): Unknown keyword "DENSITYCHECKWINDOW" in LEF file; ignoring.
LEF read, Line 145 (Message): Unknown keyword "DENSITYCHECKSTEP" in LEF file; ignoring.
LEF read, Line 161 (Message): Unknown keyword "ARRAYSPACING" in LEF file; ignoring.
LEF read, Line 165 (Message): Unknown keyword "ANTENNAMODEL" in LEF file; ignoring.
LEF read, Line 177 (Message): Unknown keyword "MINWIDTH" in LEF file; ignoring.
LEF read, Line 184 (Message): Unknown keyword "ANTENNAMODEL" in LEF file; ignoring.
LEF read, Line 185 (Message): Unknown keyword "ANTENNADIFFSIDEAREARATIO" in LEF file; ignoring.
LEF read, Line 186 (Message): Unknown keyword "ANTENNAGATEPLUSDIFF" in LEF file; ignoring.
LEF read, Line 195 (Message): Unknown keyword "DENSITYCHECKWINDOW" in LEF file; ignoring.
LEF read, Line 196 (Message): Unknown keyword "DENSITYCHECKSTEP" in LEF file; ignoring.
LEF read, Line 212 (Message): Unknown keyword "ARRAYSPACING" in LEF file; ignoring.
LEF read, Line 216 (Message): Unknown keyword "ANTENNAMODEL" in LEF file; ignoring.
LEF read, Line 228 (Message): Unknown keyword "MINWIDTH" in LEF file; ignoring.
LEF read, Line 235 (Message): Unknown keyword "ANTENNAMODEL" in LEF file; ignoring.
LEF read, Line 236 (Message): Unknown keyword "ANTENNADIFFSIDEAREARATIO" in LEF file; ignoring.
LEF read, Line 237 (Message): Unknown keyword "ANTENNAGATEPLUSDIFF" in LEF file; ignoring.
LEF read, Line 246 (Message): Unknown keyword "DENSITYCHECKWINDOW" in LEF file; ignoring.
LEF read, Line 247 (Message): Unknown keyword "DENSITYCHECKSTEP" in LEF file; ignoring.
LEF read, Line 264 (Message): Unknown keyword "ARRAYSPACING" in LEF file; ignoring.
LEF read, Line 268 (Message): Unknown keyword "ANTENNAMODEL" in LEF file; ignoring.
LEF read, Line 282 (Message): Unknown keyword "MINWIDTH" in LEF file; ignoring.
LEF read, Line 294 (Message): Unknown keyword "ANTENNAMODEL" in LEF file; ignoring.
LEF read, Line 295 (Message): Unknown keyword "ANTENNADIFFSIDEAREARATIO" in LEF file; ignoring.
LEF read, Line 296 (Message): Unknown keyword "ANTENNAGATEPLUSDIFF" in LEF file; ignoring.
LEF read, Line 301 (Message): Unknown keyword "DENSITYCHECKWINDOW" in LEF file; ignoring.
LEF read, Line 302 (Message): Unknown keyword "DENSITYCHECKSTEP" in LEF file; ignoring.
LEF read: Processed 1366 lines.
Reading LEF data from file /home/xb4syf/ASIC/gf180-demo/openlane/user_project_wrapper/../../lef/plant_example.lef.
This action cannot be undone.
LEF read: Processed 1164 lines.
Reading DEF data from file /home/xb4syf/ASIC/gf180-demo/openlane/user_project_wrapper/runs/22_12_05_11_20/results/routing/user_project_wrapper.def.
This action cannot be undone.
  Processed 2 vias total.
  Processed 1 subcell instances total.
  Processed 418 pins total.
  Processed 2 special nets total.
  Processed 416 nets total.
DEF read: Processed 6991 lines.
Root cell box:
           width x height  (   llx,  lly  ), (   urx,  ury  )  area (units^2)

microns:  2980.200 x 2980.200  ( 0.000,  0.000), ( 2980.200,  2980.200)  8881591.000
lambda:   59604.00 x 59604.00  (  0.00,  0.00 ), ( 59604.00,  59604.00)  3552636928.00
internal: 596040 x 596040  (     0,  0    ), ( 596040,  596040)  355263681600
Warning: Calma reading is not undoable!  I hope that's OK.
Library written using GDS-II Release 3.0
Library name: plant_example
Reading "gf180mcu_fd_sc_mcu7t5v0__fillcap_32".
Reading "gf180mcu_fd_sc_mcu7t5v0__fill_1".
Reading "gf180mcu_fd_sc_mcu7t5v0__fillcap_64".
Reading "gf180mcu_fd_sc_mcu7t5v0__endcap".
Reading "gf180mcu_fd_sc_mcu7t5v0__filltie".
Reading "gf180mcu_fd_sc_mcu7t5v0__fillcap_16".
Reading "gf180mcu_fd_sc_mcu7t5v0__fillcap_4".
Reading "gf180mcu_fd_sc_mcu7t5v0__dffq_1".
Reading "gf180mcu_fd_sc_mcu7t5v0__clkbuf_16".
Reading "gf180mcu_fd_sc_mcu7t5v0__antenna".
Reading "gf180mcu_fd_sc_mcu7t5v0__fill_2".
Reading "gf180mcu_fd_sc_mcu7t5v0__fillcap_8".
Reading "gf180mcu_fd_sc_mcu7t5v0__clkbuf_2".
Reading "gf180mcu_fd_sc_mcu7t5v0__buf_1".
Reading "gf180mcu_fd_sc_mcu7t5v0__dlyb_1".
Reading "gf180mcu_fd_sc_mcu7t5v0__nor2_1".
Reading "gf180mcu_fd_sc_mcu7t5v0__nand2_1".
Reading "gf180mcu_fd_sc_mcu7t5v0__clkinv_1".
Reading "gf180mcu_fd_sc_mcu7t5v0__clkbuf_1".
Reading "gf180mcu_fd_sc_mcu7t5v0__nand3_2".
Reading "gf180mcu_fd_sc_mcu7t5v0__or2_1".
Reading "gf180mcu_fd_sc_mcu7t5v0__and3_1".
Reading "gf180mcu_fd_sc_mcu7t5v0__nor4_4".
Reading "gf180mcu_fd_sc_mcu7t5v0__nand3_1".
Reading "gf180mcu_fd_sc_mcu7t5v0__aoi21_1".
Reading "gf180mcu_fd_sc_mcu7t5v0__nor4_2".
Reading "gf180mcu_fd_sc_mcu7t5v0__aoi22_1".
Reading "gf180mcu_fd_sc_mcu7t5v0__oai21_1".
Reading "gf180mcu_fd_sc_mcu7t5v0__and4_1".
Reading "gf180mcu_fd_sc_mcu7t5v0__and2_1".
Reading "gf180mcu_fd_sc_mcu7t5v0__mux2_2".
Reading "gf180mcu_fd_sc_mcu7t5v0__nand4_1".
Reading "gf180mcu_fd_sc_mcu7t5v0__nor4_1".
Reading "gf180mcu_fd_sc_mcu7t5v0__oai211_1".
Reading "gf180mcu_fd_sc_mcu7t5v0__or3_1".
Reading "gf180mcu_fd_sc_mcu7t5v0__nor3_1".
Reading "gf180mcu_fd_sc_mcu7t5v0__clkbuf_3".
Reading "gf180mcu_fd_sc_mcu7t5v0__tiel".
Reading "plant_example".
Warning:  cell plant_example already existed before reading GDS!
    5000 uses
    10000 uses
   Generating output for cell gf180mcu_fd_sc_mcu7t5v0__tiel
   Generating output for cell gf180mcu_fd_sc_mcu7t5v0__filltie
   Generating output for cell gf180mcu_fd_sc_mcu7t5v0__endcap
   Generating output for cell gf180mcu_fd_sc_mcu7t5v0__fillcap_4
   Generating output for cell gf180mcu_fd_sc_mcu7t5v0__fill_2
   Generating output for cell gf180mcu_fd_sc_mcu7t5v0__fill_1
   Generating output for cell gf180mcu_fd_sc_mcu7t5v0__fillcap_8
   Generating output for cell gf180mcu_fd_sc_mcu7t5v0__fillcap_16
   Generating output for cell gf180mcu_fd_sc_mcu7t5v0__fillcap_64
   Generating output for cell gf180mcu_fd_sc_mcu7t5v0__antenna
   Generating output for cell gf180mcu_fd_sc_mcu7t5v0__fillcap_32
   Generating output for cell gf180mcu_fd_sc_mcu7t5v0__dlyb_1
   Generating output for cell gf180mcu_fd_sc_mcu7t5v0__and4_1
   Generating output for cell gf180mcu_fd_sc_mcu7t5v0__clkbuf_3
   Generating output for cell gf180mcu_fd_sc_mcu7t5v0__aoi21_1
   Generating output for cell gf180mcu_fd_sc_mcu7t5v0__clkbuf_1
   Generating output for cell gf180mcu_fd_sc_mcu7t5v0__nand2_1
   Generating output for cell gf180mcu_fd_sc_mcu7t5v0__clkinv_1
   Generating output for cell gf180mcu_fd_sc_mcu7t5v0__nand3_1
   Generating output for cell gf180mcu_fd_sc_mcu7t5v0__nor2_1
   Generating output for cell gf180mcu_fd_sc_mcu7t5v0__oai21_1
   Generating output for cell gf180mcu_fd_sc_mcu7t5v0__and2_1
   Generating output for cell gf180mcu_fd_sc_mcu7t5v0__nor3_1
   Generating output for cell gf180mcu_fd_sc_mcu7t5v0__or3_1
   Generating output for cell gf180mcu_fd_sc_mcu7t5v0__oai211_1
   Generating output for cell gf180mcu_fd_sc_mcu7t5v0__nor4_1
   Generating output for cell gf180mcu_fd_sc_mcu7t5v0__nand4_1
   Generating output for cell gf180mcu_fd_sc_mcu7t5v0__aoi22_1
   Generating output for cell gf180mcu_fd_sc_mcu7t5v0__mux2_2
   Generating output for cell gf180mcu_fd_sc_mcu7t5v0__buf_1
   Generating output for cell gf180mcu_fd_sc_mcu7t5v0__nor4_2
   Generating output for cell gf180mcu_fd_sc_mcu7t5v0__and3_1
   Generating output for cell gf180mcu_fd_sc_mcu7t5v0__or2_1
   Generating output for cell gf180mcu_fd_sc_mcu7t5v0__nor4_4
   Generating output for cell gf180mcu_fd_sc_mcu7t5v0__nand3_2
   Generating output for cell gf180mcu_fd_sc_mcu7t5v0__clkbuf_16
   Generating output for cell gf180mcu_fd_sc_mcu7t5v0__dffq_1
   Generating output for cell gf180mcu_fd_sc_mcu7t5v0__clkbuf_2
   Generating output for cell plant_example
   Generating output for cell user_project_wrapper
[INFO]: GDS Write Complete
