OpenROAD 7c85c140308f01b73f57ea1117f3e43f39abd437 
This program is licensed under the BSD-3 license. See the LICENSE file for details.
Components of this program may be licensed under more restrictive licenses which must be honored.
[INFO ODB-0222] Reading LEF file: /home/xb4syf/ASIC/gf180-demo/openlane/user_proj_example/runs/22_12_05_10_22/tmp/merged.nom.lef
[INFO ODB-0223]     Created 13 technology layers
[INFO ODB-0224]     Created 60 technology vias
[INFO ODB-0225]     Created 229 library cells
[INFO ODB-0226] Finished LEF file:  /home/xb4syf/ASIC/gf180-demo/openlane/user_proj_example/runs/22_12_05_10_22/tmp/merged.nom.lef
[INFO ODB-0127] Reading DEF file: /home/xb4syf/ASIC/gf180-demo/openlane/user_proj_example/runs/22_12_05_10_22/results/routing/plant_example.def
[INFO ODB-0128] Design: plant_example
[INFO ODB-0130]     Created 123 pins.
[INFO ODB-0131]     Created 14079 components and 28586 component-terminals.
[INFO ODB-0132]     Created 2 special nets and 28158 connections.
[INFO ODB-0133]     Created 206 nets and 428 connections.
[INFO ODB-0134] Finished DEF file: /home/xb4syf/ASIC/gf180-demo/openlane/user_proj_example/runs/22_12_05_10_22/results/routing/plant_example.def
Using RCX ruleset '/localtmp/asic/gf180/pdk//gf180mcuC/libs.tech/openlane/rules.openrcx.gf180mcuC.nom'...
[INFO RCX-0431] Defined process_corner X with ext_model_index 0
[INFO RCX-0029] Defined extraction corner X
[INFO RCX-0008] extracting parasitics of plant_example ...
[INFO RCX-0435] Reading extraction model file /localtmp/asic/gf180/pdk//gf180mcuC/libs.tech/openlane/rules.openrcx.gf180mcuC.nom ...
[INFO RCX-0436] RC segment generation plant_example (max_merge_res 50.0) ...
[INFO RCX-0040] Final 562 rc segments
[INFO RCX-0439] Coupling Cap extraction plant_example ...
[INFO RCX-0440] Coupling threshhold is 0.1000 fF, coupling capacitance less than 0.1000 fF will be grounded.
[INFO RCX-0043] 901 wires to be extracted
[INFO RCX-0442] 57% completion -- 515 wires have been extracted
[INFO RCX-0442] 100% completion -- 901 wires have been extracted
[INFO RCX-0045] Extract 206 nets, 733 rsegs, 733 caps, 728 ccs
[INFO RCX-0015] Finished extracting plant_example.
Writing result to /home/xb4syf/ASIC/gf180-demo/openlane/user_proj_example/runs/22_12_05_10_22/results/routing/mca/process_corner_nom/plant_example.spef...
Setting global connections for newly added cells...
[WARNING] Did not save OpenROAD database!
Writing extracted parasitics to /home/xb4syf/ASIC/gf180-demo/openlane/user_proj_example/runs/22_12_05_10_22/results/routing/mca/process_corner_nom/plant_example.spef...
[INFO RCX-0016] Writing SPEF ...
[INFO RCX-0443] 206 nets finished
[INFO RCX-0017] Finished writing SPEF ...
