
Magic 8.3 revision 331 - Compiled on Sat Oct 22 18:40:56 UTC 2022.
Starting magic under Tcl interpreter
Using the terminal as the console.
Using NULL graphics device.
Processing system .magicrc file
Sourcing design .magicrc for technology gf180mcuC ...
10 Magic internal units = 1 Lambda
Input style import: scaleFactor=10, multiplier=2
The following types are not handled by extraction and will be treated as non-electrical types:
    obsactive mvobsactive filldiff fillpoly m1hole obsm1 fillm1 obsv1 m2hole obsm2 fillm2 obsv2 m3hole obsm3 fillm3 m4hole obsm4 fillm4 m5hole obsm5 fillm5 glass fillblock lvstext obscomment 
Scaled tech values by 10 / 1 to match internal grid scaling
Loading gf180mcuC Device Generator Menu ...
Using technology "gf180mcuC", version 1.0.359-0-g35c7265
Reading LEF data from file /localtmp/asic/gf180/pdk/gf180mcuC/libs.ref/gf180mcu_fd_sc_mcu7t5v0/techlef/gf180mcu_fd_sc_mcu7t5v0.tlef.
This action cannot be undone.
LEF read, Line 78 (Message): Unknown keyword "MINWIDTH" in LEF file; ignoring.
LEF read, Line 85 (Message): Unknown keyword "ANTENNAMODEL" in LEF file; ignoring.
LEF read, Line 95 (Message): Unknown keyword "DENSITYCHECKWINDOW" in LEF file; ignoring.
LEF read, Line 96 (Message): Unknown keyword "DENSITYCHECKSTEP" in LEF file; ignoring.
LEF read, Line 110 (Message): Unknown keyword "ARRAYSPACING" in LEF file; ignoring.
LEF read, Line 114 (Message): Unknown keyword "ANTENNAMODEL" in LEF file; ignoring.
LEF read, Line 126 (Message): Unknown keyword "MINWIDTH" in LEF file; ignoring.
LEF read, Line 133 (Message): Unknown keyword "ANTENNAMODEL" in LEF file; ignoring.
LEF read, Line 134 (Message): Unknown keyword "ANTENNADIFFSIDEAREARATIO" in LEF file; ignoring.
LEF read, Line 135 (Message): Unknown keyword "ANTENNAGATEPLUSDIFF" in LEF file; ignoring.
LEF read, Line 144 (Message): Unknown keyword "DENSITYCHECKWINDOW" in LEF file; ignoring.
LEF read, Line 145 (Message): Unknown keyword "DENSITYCHECKSTEP" in LEF file; ignoring.
LEF read, Line 161 (Message): Unknown keyword "ARRAYSPACING" in LEF file; ignoring.
LEF read, Line 165 (Message): Unknown keyword "ANTENNAMODEL" in LEF file; ignoring.
LEF read, Line 177 (Message): Unknown keyword "MINWIDTH" in LEF file; ignoring.
LEF read, Line 184 (Message): Unknown keyword "ANTENNAMODEL" in LEF file; ignoring.
LEF read, Line 185 (Message): Unknown keyword "ANTENNADIFFSIDEAREARATIO" in LEF file; ignoring.
LEF read, Line 186 (Message): Unknown keyword "ANTENNAGATEPLUSDIFF" in LEF file; ignoring.
LEF read, Line 195 (Message): Unknown keyword "DENSITYCHECKWINDOW" in LEF file; ignoring.
LEF read, Line 196 (Message): Unknown keyword "DENSITYCHECKSTEP" in LEF file; ignoring.
LEF read, Line 212 (Message): Unknown keyword "ARRAYSPACING" in LEF file; ignoring.
LEF read, Line 216 (Message): Unknown keyword "ANTENNAMODEL" in LEF file; ignoring.
LEF read, Line 228 (Message): Unknown keyword "MINWIDTH" in LEF file; ignoring.
LEF read, Line 235 (Message): Unknown keyword "ANTENNAMODEL" in LEF file; ignoring.
LEF read, Line 236 (Message): Unknown keyword "ANTENNADIFFSIDEAREARATIO" in LEF file; ignoring.
LEF read, Line 237 (Message): Unknown keyword "ANTENNAGATEPLUSDIFF" in LEF file; ignoring.
LEF read, Line 246 (Message): Unknown keyword "DENSITYCHECKWINDOW" in LEF file; ignoring.
LEF read, Line 247 (Message): Unknown keyword "DENSITYCHECKSTEP" in LEF file; ignoring.
LEF read, Line 264 (Message): Unknown keyword "ARRAYSPACING" in LEF file; ignoring.
LEF read, Line 268 (Message): Unknown keyword "ANTENNAMODEL" in LEF file; ignoring.
LEF read, Line 282 (Message): Unknown keyword "MINWIDTH" in LEF file; ignoring.
LEF read, Line 294 (Message): Unknown keyword "ANTENNAMODEL" in LEF file; ignoring.
LEF read, Line 295 (Message): Unknown keyword "ANTENNADIFFSIDEAREARATIO" in LEF file; ignoring.
LEF read, Line 296 (Message): Unknown keyword "ANTENNAGATEPLUSDIFF" in LEF file; ignoring.
LEF read, Line 301 (Message): Unknown keyword "DENSITYCHECKWINDOW" in LEF file; ignoring.
LEF read, Line 302 (Message): Unknown keyword "DENSITYCHECKSTEP" in LEF file; ignoring.
LEF read: Processed 1366 lines.
plant_example: 10000 rects
plant_example: 20000 rects
plant_example: 30000 rects
[INFO]: Writing abstract LEF
Generating LEF output /home/xb4syf/ASIC/gf180-demo/openlane/user_proj_example/runs/22_12_05_10_22/results/signoff/plant_example.lef for cell plant_example:
Diagnostic:  Write LEF header for cell plant_example
Diagnostic:  Writing LEF output for cell plant_example
Warning:  Parent cell lists instance of "gf180mcu_fd_sc_mcu7t5v0__fillcap_32" at bad file path /home/xb4syf/ASIC/gf180-demo/openlane/user_proj_example/runs/22_12_05_10_22/results/signoff/gf180mcu_fd_sc_mcu7t5v0__fillcap_32.mag.
The cell exists in the search paths at /localtmp/asic/gf180/pdk/gf180mcuC/libs.ref/gf180mcu_fd_sc_mcu7t5v0/maglef/gf180mcu_fd_sc_mcu7t5v0__fillcap_32.mag.
The discovered version will be used.
Warning:  Parent cell lists instance of "gf180mcu_fd_sc_mcu7t5v0__fill_1" at bad file path /home/xb4syf/ASIC/gf180-demo/openlane/user_proj_example/runs/22_12_05_10_22/results/signoff/gf180mcu_fd_sc_mcu7t5v0__fill_1.mag.
The cell exists in the search paths at /localtmp/asic/gf180/pdk/gf180mcuC/libs.ref/gf180mcu_fd_sc_mcu7t5v0/maglef/gf180mcu_fd_sc_mcu7t5v0__fill_1.mag.
The discovered version will be used.
Scaled magic input cell gf180mcu_fd_sc_mcu7t5v0__fill_1 geometry by factor of 2
Warning:  Parent cell lists instance of "gf180mcu_fd_sc_mcu7t5v0__fillcap_64" at bad file path /home/xb4syf/ASIC/gf180-demo/openlane/user_proj_example/runs/22_12_05_10_22/results/signoff/gf180mcu_fd_sc_mcu7t5v0__fillcap_64.mag.
The cell exists in the search paths at /localtmp/asic/gf180/pdk/gf180mcuC/libs.ref/gf180mcu_fd_sc_mcu7t5v0/maglef/gf180mcu_fd_sc_mcu7t5v0__fillcap_64.mag.
The discovered version will be used.
Warning:  Parent cell lists instance of "gf180mcu_fd_sc_mcu7t5v0__endcap" at bad file path /home/xb4syf/ASIC/gf180-demo/openlane/user_proj_example/runs/22_12_05_10_22/results/signoff/gf180mcu_fd_sc_mcu7t5v0__endcap.mag.
The cell exists in the search paths at /localtmp/asic/gf180/pdk/gf180mcuC/libs.ref/gf180mcu_fd_sc_mcu7t5v0/maglef/gf180mcu_fd_sc_mcu7t5v0__endcap.mag.
The discovered version will be used.
Scaled magic input cell gf180mcu_fd_sc_mcu7t5v0__endcap geometry by factor of 2
Warning:  Parent cell lists instance of "gf180mcu_fd_sc_mcu7t5v0__filltie" at bad file path /home/xb4syf/ASIC/gf180-demo/openlane/user_proj_example/runs/22_12_05_10_22/results/signoff/gf180mcu_fd_sc_mcu7t5v0__filltie.mag.
The cell exists in the search paths at /localtmp/asic/gf180/pdk/gf180mcuC/libs.ref/gf180mcu_fd_sc_mcu7t5v0/maglef/gf180mcu_fd_sc_mcu7t5v0__filltie.mag.
The discovered version will be used.
Warning:  Parent cell lists instance of "gf180mcu_fd_sc_mcu7t5v0__fillcap_16" at bad file path /home/xb4syf/ASIC/gf180-demo/openlane/user_proj_example/runs/22_12_05_10_22/results/signoff/gf180mcu_fd_sc_mcu7t5v0__fillcap_16.mag.
The cell exists in the search paths at /localtmp/asic/gf180/pdk/gf180mcuC/libs.ref/gf180mcu_fd_sc_mcu7t5v0/maglef/gf180mcu_fd_sc_mcu7t5v0__fillcap_16.mag.
The discovered version will be used.
Warning:  Parent cell lists instance of "gf180mcu_fd_sc_mcu7t5v0__fillcap_4" at bad file path /home/xb4syf/ASIC/gf180-demo/openlane/user_proj_example/runs/22_12_05_10_22/results/signoff/gf180mcu_fd_sc_mcu7t5v0__fillcap_4.mag.
The cell exists in the search paths at /localtmp/asic/gf180/pdk/gf180mcuC/libs.ref/gf180mcu_fd_sc_mcu7t5v0/maglef/gf180mcu_fd_sc_mcu7t5v0__fillcap_4.mag.
The discovered version will be used.
Warning:  Parent cell lists instance of "gf180mcu_fd_sc_mcu7t5v0__dffq_1" at bad file path /home/xb4syf/ASIC/gf180-demo/openlane/user_proj_example/runs/22_12_05_10_22/results/signoff/gf180mcu_fd_sc_mcu7t5v0__dffq_1.mag.
The cell exists in the search paths at /localtmp/asic/gf180/pdk/gf180mcuC/libs.ref/gf180mcu_fd_sc_mcu7t5v0/maglef/gf180mcu_fd_sc_mcu7t5v0__dffq_1.mag.
The discovered version will be used.
Warning:  Parent cell lists instance of "gf180mcu_fd_sc_mcu7t5v0__clkbuf_16" at bad file path /home/xb4syf/ASIC/gf180-demo/openlane/user_proj_example/runs/22_12_05_10_22/results/signoff/gf180mcu_fd_sc_mcu7t5v0__clkbuf_16.mag.
The cell exists in the search paths at /localtmp/asic/gf180/pdk/gf180mcuC/libs.ref/gf180mcu_fd_sc_mcu7t5v0/maglef/gf180mcu_fd_sc_mcu7t5v0__clkbuf_16.mag.
The discovered version will be used.
Warning:  Parent cell lists instance of "gf180mcu_fd_sc_mcu7t5v0__antenna" at bad file path /home/xb4syf/ASIC/gf180-demo/openlane/user_proj_example/runs/22_12_05_10_22/results/signoff/gf180mcu_fd_sc_mcu7t5v0__antenna.mag.
The cell exists in the search paths at /localtmp/asic/gf180/pdk/gf180mcuC/libs.ref/gf180mcu_fd_sc_mcu7t5v0/maglef/gf180mcu_fd_sc_mcu7t5v0__antenna.mag.
The discovered version will be used.
Warning:  Parent cell lists instance of "gf180mcu_fd_sc_mcu7t5v0__fill_2" at bad file path /home/xb4syf/ASIC/gf180-demo/openlane/user_proj_example/runs/22_12_05_10_22/results/signoff/gf180mcu_fd_sc_mcu7t5v0__fill_2.mag.
The cell exists in the search paths at /localtmp/asic/gf180/pdk/gf180mcuC/libs.ref/gf180mcu_fd_sc_mcu7t5v0/maglef/gf180mcu_fd_sc_mcu7t5v0__fill_2.mag.
The discovered version will be used.
Scaled magic input cell gf180mcu_fd_sc_mcu7t5v0__fill_2 geometry by factor of 2
Warning:  Parent cell lists instance of "gf180mcu_fd_sc_mcu7t5v0__fillcap_8" at bad file path /home/xb4syf/ASIC/gf180-demo/openlane/user_proj_example/runs/22_12_05_10_22/results/signoff/gf180mcu_fd_sc_mcu7t5v0__fillcap_8.mag.
The cell exists in the search paths at /localtmp/asic/gf180/pdk/gf180mcuC/libs.ref/gf180mcu_fd_sc_mcu7t5v0/maglef/gf180mcu_fd_sc_mcu7t5v0__fillcap_8.mag.
The discovered version will be used.
Warning:  Parent cell lists instance of "gf180mcu_fd_sc_mcu7t5v0__clkbuf_2" at bad file path /home/xb4syf/ASIC/gf180-demo/openlane/user_proj_example/runs/22_12_05_10_22/results/signoff/gf180mcu_fd_sc_mcu7t5v0__clkbuf_2.mag.
The cell exists in the search paths at /localtmp/asic/gf180/pdk/gf180mcuC/libs.ref/gf180mcu_fd_sc_mcu7t5v0/maglef/gf180mcu_fd_sc_mcu7t5v0__clkbuf_2.mag.
The discovered version will be used.
Warning:  Parent cell lists instance of "gf180mcu_fd_sc_mcu7t5v0__buf_1" at bad file path /home/xb4syf/ASIC/gf180-demo/openlane/user_proj_example/runs/22_12_05_10_22/results/signoff/gf180mcu_fd_sc_mcu7t5v0__buf_1.mag.
The cell exists in the search paths at /localtmp/asic/gf180/pdk/gf180mcuC/libs.ref/gf180mcu_fd_sc_mcu7t5v0/maglef/gf180mcu_fd_sc_mcu7t5v0__buf_1.mag.
The discovered version will be used.
Warning:  Parent cell lists instance of "gf180mcu_fd_sc_mcu7t5v0__dlyb_1" at bad file path /home/xb4syf/ASIC/gf180-demo/openlane/user_proj_example/runs/22_12_05_10_22/results/signoff/gf180mcu_fd_sc_mcu7t5v0__dlyb_1.mag.
The cell exists in the search paths at /localtmp/asic/gf180/pdk/gf180mcuC/libs.ref/gf180mcu_fd_sc_mcu7t5v0/maglef/gf180mcu_fd_sc_mcu7t5v0__dlyb_1.mag.
The discovered version will be used.
Warning:  Parent cell lists instance of "gf180mcu_fd_sc_mcu7t5v0__nor2_1" at bad file path /home/xb4syf/ASIC/gf180-demo/openlane/user_proj_example/runs/22_12_05_10_22/results/signoff/gf180mcu_fd_sc_mcu7t5v0__nor2_1.mag.
The cell exists in the search paths at /localtmp/asic/gf180/pdk/gf180mcuC/libs.ref/gf180mcu_fd_sc_mcu7t5v0/maglef/gf180mcu_fd_sc_mcu7t5v0__nor2_1.mag.
The discovered version will be used.
Warning:  Parent cell lists instance of "gf180mcu_fd_sc_mcu7t5v0__nand2_1" at bad file path /home/xb4syf/ASIC/gf180-demo/openlane/user_proj_example/runs/22_12_05_10_22/results/signoff/gf180mcu_fd_sc_mcu7t5v0__nand2_1.mag.
The cell exists in the search paths at /localtmp/asic/gf180/pdk/gf180mcuC/libs.ref/gf180mcu_fd_sc_mcu7t5v0/maglef/gf180mcu_fd_sc_mcu7t5v0__nand2_1.mag.
The discovered version will be used.
Warning:  Parent cell lists instance of "gf180mcu_fd_sc_mcu7t5v0__clkinv_1" at bad file path /home/xb4syf/ASIC/gf180-demo/openlane/user_proj_example/runs/22_12_05_10_22/results/signoff/gf180mcu_fd_sc_mcu7t5v0__clkinv_1.mag.
The cell exists in the search paths at /localtmp/asic/gf180/pdk/gf180mcuC/libs.ref/gf180mcu_fd_sc_mcu7t5v0/maglef/gf180mcu_fd_sc_mcu7t5v0__clkinv_1.mag.
The discovered version will be used.
Warning:  Parent cell lists instance of "gf180mcu_fd_sc_mcu7t5v0__clkbuf_1" at bad file path /home/xb4syf/ASIC/gf180-demo/openlane/user_proj_example/runs/22_12_05_10_22/results/signoff/gf180mcu_fd_sc_mcu7t5v0__clkbuf_1.mag.
The cell exists in the search paths at /localtmp/asic/gf180/pdk/gf180mcuC/libs.ref/gf180mcu_fd_sc_mcu7t5v0/maglef/gf180mcu_fd_sc_mcu7t5v0__clkbuf_1.mag.
The discovered version will be used.
Warning:  Parent cell lists instance of "gf180mcu_fd_sc_mcu7t5v0__nand3_2" at bad file path /home/xb4syf/ASIC/gf180-demo/openlane/user_proj_example/runs/22_12_05_10_22/results/signoff/gf180mcu_fd_sc_mcu7t5v0__nand3_2.mag.
The cell exists in the search paths at /localtmp/asic/gf180/pdk/gf180mcuC/libs.ref/gf180mcu_fd_sc_mcu7t5v0/maglef/gf180mcu_fd_sc_mcu7t5v0__nand3_2.mag.
The discovered version will be used.
Warning:  Parent cell lists instance of "gf180mcu_fd_sc_mcu7t5v0__or2_1" at bad file path /home/xb4syf/ASIC/gf180-demo/openlane/user_proj_example/runs/22_12_05_10_22/results/signoff/gf180mcu_fd_sc_mcu7t5v0__or2_1.mag.
The cell exists in the search paths at /localtmp/asic/gf180/pdk/gf180mcuC/libs.ref/gf180mcu_fd_sc_mcu7t5v0/maglef/gf180mcu_fd_sc_mcu7t5v0__or2_1.mag.
The discovered version will be used.
Warning:  Parent cell lists instance of "gf180mcu_fd_sc_mcu7t5v0__and3_1" at bad file path /home/xb4syf/ASIC/gf180-demo/openlane/user_proj_example/runs/22_12_05_10_22/results/signoff/gf180mcu_fd_sc_mcu7t5v0__and3_1.mag.
The cell exists in the search paths at /localtmp/asic/gf180/pdk/gf180mcuC/libs.ref/gf180mcu_fd_sc_mcu7t5v0/maglef/gf180mcu_fd_sc_mcu7t5v0__and3_1.mag.
The discovered version will be used.
Warning:  Parent cell lists instance of "gf180mcu_fd_sc_mcu7t5v0__nor4_4" at bad file path /home/xb4syf/ASIC/gf180-demo/openlane/user_proj_example/runs/22_12_05_10_22/results/signoff/gf180mcu_fd_sc_mcu7t5v0__nor4_4.mag.
The cell exists in the search paths at /localtmp/asic/gf180/pdk/gf180mcuC/libs.ref/gf180mcu_fd_sc_mcu7t5v0/maglef/gf180mcu_fd_sc_mcu7t5v0__nor4_4.mag.
The discovered version will be used.
Warning:  Parent cell lists instance of "gf180mcu_fd_sc_mcu7t5v0__nand3_1" at bad file path /home/xb4syf/ASIC/gf180-demo/openlane/user_proj_example/runs/22_12_05_10_22/results/signoff/gf180mcu_fd_sc_mcu7t5v0__nand3_1.mag.
The cell exists in the search paths at /localtmp/asic/gf180/pdk/gf180mcuC/libs.ref/gf180mcu_fd_sc_mcu7t5v0/maglef/gf180mcu_fd_sc_mcu7t5v0__nand3_1.mag.
The discovered version will be used.
Warning:  Parent cell lists instance of "gf180mcu_fd_sc_mcu7t5v0__aoi21_1" at bad file path /home/xb4syf/ASIC/gf180-demo/openlane/user_proj_example/runs/22_12_05_10_22/results/signoff/gf180mcu_fd_sc_mcu7t5v0__aoi21_1.mag.
The cell exists in the search paths at /localtmp/asic/gf180/pdk/gf180mcuC/libs.ref/gf180mcu_fd_sc_mcu7t5v0/maglef/gf180mcu_fd_sc_mcu7t5v0__aoi21_1.mag.
The discovered version will be used.
Warning:  Parent cell lists instance of "gf180mcu_fd_sc_mcu7t5v0__nor4_2" at bad file path /home/xb4syf/ASIC/gf180-demo/openlane/user_proj_example/runs/22_12_05_10_22/results/signoff/gf180mcu_fd_sc_mcu7t5v0__nor4_2.mag.
The cell exists in the search paths at /localtmp/asic/gf180/pdk/gf180mcuC/libs.ref/gf180mcu_fd_sc_mcu7t5v0/maglef/gf180mcu_fd_sc_mcu7t5v0__nor4_2.mag.
The discovered version will be used.
Warning:  Parent cell lists instance of "gf180mcu_fd_sc_mcu7t5v0__aoi22_1" at bad file path /home/xb4syf/ASIC/gf180-demo/openlane/user_proj_example/runs/22_12_05_10_22/results/signoff/gf180mcu_fd_sc_mcu7t5v0__aoi22_1.mag.
The cell exists in the search paths at /localtmp/asic/gf180/pdk/gf180mcuC/libs.ref/gf180mcu_fd_sc_mcu7t5v0/maglef/gf180mcu_fd_sc_mcu7t5v0__aoi22_1.mag.
The discovered version will be used.
Warning:  Parent cell lists instance of "gf180mcu_fd_sc_mcu7t5v0__oai21_1" at bad file path /home/xb4syf/ASIC/gf180-demo/openlane/user_proj_example/runs/22_12_05_10_22/results/signoff/gf180mcu_fd_sc_mcu7t5v0__oai21_1.mag.
The cell exists in the search paths at /localtmp/asic/gf180/pdk/gf180mcuC/libs.ref/gf180mcu_fd_sc_mcu7t5v0/maglef/gf180mcu_fd_sc_mcu7t5v0__oai21_1.mag.
The discovered version will be used.
Warning:  Parent cell lists instance of "gf180mcu_fd_sc_mcu7t5v0__and4_1" at bad file path /home/xb4syf/ASIC/gf180-demo/openlane/user_proj_example/runs/22_12_05_10_22/results/signoff/gf180mcu_fd_sc_mcu7t5v0__and4_1.mag.
The cell exists in the search paths at /localtmp/asic/gf180/pdk/gf180mcuC/libs.ref/gf180mcu_fd_sc_mcu7t5v0/maglef/gf180mcu_fd_sc_mcu7t5v0__and4_1.mag.
The discovered version will be used.
Warning:  Parent cell lists instance of "gf180mcu_fd_sc_mcu7t5v0__and2_1" at bad file path /home/xb4syf/ASIC/gf180-demo/openlane/user_proj_example/runs/22_12_05_10_22/results/signoff/gf180mcu_fd_sc_mcu7t5v0__and2_1.mag.
The cell exists in the search paths at /localtmp/asic/gf180/pdk/gf180mcuC/libs.ref/gf180mcu_fd_sc_mcu7t5v0/maglef/gf180mcu_fd_sc_mcu7t5v0__and2_1.mag.
The discovered version will be used.
Warning:  Parent cell lists instance of "gf180mcu_fd_sc_mcu7t5v0__mux2_2" at bad file path /home/xb4syf/ASIC/gf180-demo/openlane/user_proj_example/runs/22_12_05_10_22/results/signoff/gf180mcu_fd_sc_mcu7t5v0__mux2_2.mag.
The cell exists in the search paths at /localtmp/asic/gf180/pdk/gf180mcuC/libs.ref/gf180mcu_fd_sc_mcu7t5v0/maglef/gf180mcu_fd_sc_mcu7t5v0__mux2_2.mag.
The discovered version will be used.
Warning:  Parent cell lists instance of "gf180mcu_fd_sc_mcu7t5v0__nand4_1" at bad file path /home/xb4syf/ASIC/gf180-demo/openlane/user_proj_example/runs/22_12_05_10_22/results/signoff/gf180mcu_fd_sc_mcu7t5v0__nand4_1.mag.
The cell exists in the search paths at /localtmp/asic/gf180/pdk/gf180mcuC/libs.ref/gf180mcu_fd_sc_mcu7t5v0/maglef/gf180mcu_fd_sc_mcu7t5v0__nand4_1.mag.
The discovered version will be used.
Warning:  Parent cell lists instance of "gf180mcu_fd_sc_mcu7t5v0__nor4_1" at bad file path /home/xb4syf/ASIC/gf180-demo/openlane/user_proj_example/runs/22_12_05_10_22/results/signoff/gf180mcu_fd_sc_mcu7t5v0__nor4_1.mag.
The cell exists in the search paths at /localtmp/asic/gf180/pdk/gf180mcuC/libs.ref/gf180mcu_fd_sc_mcu7t5v0/maglef/gf180mcu_fd_sc_mcu7t5v0__nor4_1.mag.
The discovered version will be used.
Warning:  Parent cell lists instance of "gf180mcu_fd_sc_mcu7t5v0__oai211_1" at bad file path /home/xb4syf/ASIC/gf180-demo/openlane/user_proj_example/runs/22_12_05_10_22/results/signoff/gf180mcu_fd_sc_mcu7t5v0__oai211_1.mag.
The cell exists in the search paths at /localtmp/asic/gf180/pdk/gf180mcuC/libs.ref/gf180mcu_fd_sc_mcu7t5v0/maglef/gf180mcu_fd_sc_mcu7t5v0__oai211_1.mag.
The discovered version will be used.
Warning:  Parent cell lists instance of "gf180mcu_fd_sc_mcu7t5v0__or3_1" at bad file path /home/xb4syf/ASIC/gf180-demo/openlane/user_proj_example/runs/22_12_05_10_22/results/signoff/gf180mcu_fd_sc_mcu7t5v0__or3_1.mag.
The cell exists in the search paths at /localtmp/asic/gf180/pdk/gf180mcuC/libs.ref/gf180mcu_fd_sc_mcu7t5v0/maglef/gf180mcu_fd_sc_mcu7t5v0__or3_1.mag.
The discovered version will be used.
Warning:  Parent cell lists instance of "gf180mcu_fd_sc_mcu7t5v0__nor3_1" at bad file path /home/xb4syf/ASIC/gf180-demo/openlane/user_proj_example/runs/22_12_05_10_22/results/signoff/gf180mcu_fd_sc_mcu7t5v0__nor3_1.mag.
The cell exists in the search paths at /localtmp/asic/gf180/pdk/gf180mcuC/libs.ref/gf180mcu_fd_sc_mcu7t5v0/maglef/gf180mcu_fd_sc_mcu7t5v0__nor3_1.mag.
The discovered version will be used.
Warning:  Parent cell lists instance of "gf180mcu_fd_sc_mcu7t5v0__clkbuf_3" at bad file path /home/xb4syf/ASIC/gf180-demo/openlane/user_proj_example/runs/22_12_05_10_22/results/signoff/gf180mcu_fd_sc_mcu7t5v0__clkbuf_3.mag.
The cell exists in the search paths at /localtmp/asic/gf180/pdk/gf180mcuC/libs.ref/gf180mcu_fd_sc_mcu7t5v0/maglef/gf180mcu_fd_sc_mcu7t5v0__clkbuf_3.mag.
The discovered version will be used.
Warning:  Parent cell lists instance of "gf180mcu_fd_sc_mcu7t5v0__tiel" at bad file path /home/xb4syf/ASIC/gf180-demo/openlane/user_proj_example/runs/22_12_05_10_22/results/signoff/gf180mcu_fd_sc_mcu7t5v0__tiel.mag.
The cell exists in the search paths at /localtmp/asic/gf180/pdk/gf180mcuC/libs.ref/gf180mcu_fd_sc_mcu7t5v0/maglef/gf180mcu_fd_sc_mcu7t5v0__tiel.mag.
The discovered version will be used.
Diagnostic:  Scale value is 0.005000
[INFO]: LEF Write Complete
