OpenROAD 7c85c140308f01b73f57ea1117f3e43f39abd437 
This program is licensed under the BSD-3 license. See the LICENSE file for details.
Components of this program may be licensed under more restrictive licenses which must be honored.
[INFO ODB-0222] Reading LEF file: /home/xb4syf/ASIC/gf180-demo/openlane/user_proj_example/runs/22_12_05_10_22/tmp/merged.nom.lef
[INFO ODB-0223]     Created 13 technology layers
[INFO ODB-0224]     Created 60 technology vias
[INFO ODB-0225]     Created 229 library cells
[INFO ODB-0226] Finished LEF file:  /home/xb4syf/ASIC/gf180-demo/openlane/user_proj_example/runs/22_12_05_10_22/tmp/merged.nom.lef
[INFO ODB-0127] Reading DEF file: /home/xb4syf/ASIC/gf180-demo/openlane/user_proj_example/runs/22_12_05_10_22/results/routing/plant_example.def
[INFO ODB-0128] Design: plant_example
[INFO ODB-0130]     Created 123 pins.
[INFO ODB-0131]     Created 14079 components and 28586 component-terminals.
[INFO ODB-0132]     Created 2 special nets and 28158 connections.
[INFO ODB-0133]     Created 206 nets and 428 connections.
[INFO ODB-0134] Finished DEF file: /home/xb4syf/ASIC/gf180-demo/openlane/user_proj_example/runs/22_12_05_10_22/results/routing/plant_example.def
Top-level design name: plant_example
Found default power net 'vdd'
Found default ground net 'vss'
Found 1 power ports.
Found 1 ground ports.
Modified power connections of 14079/14079 cells.
