
Cell gf180mcu_fd_sc_mcu7t5v0__fillcap_64 (0) disconnected node: VDD
Cell gf180mcu_fd_sc_mcu7t5v0__fillcap_64 (0) disconnected node: VSS
Warning: Equate pins:  cell gf180mcu_fd_sc_mcu7t5v0__fillcap_64 is a placeholder, treated as a black box.

Subcircuit pins:
Circuit 1: gf180mcu_fd_sc_mcu7t5v0__fillca |Circuit 2: gf180mcu_fd_sc_mcu7t5v0__fillca 
-------------------------------------------|-------------------------------------------
VDD                                        |VDD                                        
VSS                                        |VSS                                        
---------------------------------------------------------------------------------------
Cell pin lists are equivalent.
Device classes gf180mcu_fd_sc_mcu7t5v0__fillcap_64 and gf180mcu_fd_sc_mcu7t5v0__fillcap_64 are equivalent.

Cell gf180mcu_fd_sc_mcu7t5v0__fillcap_4 (0) disconnected node: VDD
Cell gf180mcu_fd_sc_mcu7t5v0__fillcap_4 (0) disconnected node: VSS
Warning: Equate pins:  cell gf180mcu_fd_sc_mcu7t5v0__fillcap_4 is a placeholder, treated as a black box.

Subcircuit pins:
Circuit 1: gf180mcu_fd_sc_mcu7t5v0__fillca |Circuit 2: gf180mcu_fd_sc_mcu7t5v0__fillca 
-------------------------------------------|-------------------------------------------
VDD                                        |VDD                                        
VSS                                        |VSS                                        
---------------------------------------------------------------------------------------
Cell pin lists are equivalent.
Device classes gf180mcu_fd_sc_mcu7t5v0__fillcap_4 and gf180mcu_fd_sc_mcu7t5v0__fillcap_4 are equivalent.

Cell gf180mcu_fd_sc_mcu7t5v0__fillcap_16 (0) disconnected node: VDD
Cell gf180mcu_fd_sc_mcu7t5v0__fillcap_16 (0) disconnected node: VSS
Warning: Equate pins:  cell gf180mcu_fd_sc_mcu7t5v0__fillcap_16 is a placeholder, treated as a black box.

Subcircuit pins:
Circuit 1: gf180mcu_fd_sc_mcu7t5v0__fillca |Circuit 2: gf180mcu_fd_sc_mcu7t5v0__fillca 
-------------------------------------------|-------------------------------------------
VDD                                        |VDD                                        
VSS                                        |VSS                                        
---------------------------------------------------------------------------------------
Cell pin lists are equivalent.
Device classes gf180mcu_fd_sc_mcu7t5v0__fillcap_16 and gf180mcu_fd_sc_mcu7t5v0__fillcap_16 are equivalent.

Cell gf180mcu_fd_sc_mcu7t5v0__fillcap_8 (0) disconnected node: VDD
Cell gf180mcu_fd_sc_mcu7t5v0__fillcap_8 (0) disconnected node: VSS
Warning: Equate pins:  cell gf180mcu_fd_sc_mcu7t5v0__fillcap_8 is a placeholder, treated as a black box.

Subcircuit pins:
Circuit 1: gf180mcu_fd_sc_mcu7t5v0__fillca |Circuit 2: gf180mcu_fd_sc_mcu7t5v0__fillca 
-------------------------------------------|-------------------------------------------
VDD                                        |VDD                                        
VSS                                        |VSS                                        
---------------------------------------------------------------------------------------
Cell pin lists are equivalent.
Device classes gf180mcu_fd_sc_mcu7t5v0__fillcap_8 and gf180mcu_fd_sc_mcu7t5v0__fillcap_8 are equivalent.

Cell gf180mcu_fd_sc_mcu7t5v0__fillcap_32 (0) disconnected node: VDD
Cell gf180mcu_fd_sc_mcu7t5v0__fillcap_32 (0) disconnected node: VSS
Warning: Equate pins:  cell gf180mcu_fd_sc_mcu7t5v0__fillcap_32 is a placeholder, treated as a black box.

Subcircuit pins:
Circuit 1: gf180mcu_fd_sc_mcu7t5v0__fillca |Circuit 2: gf180mcu_fd_sc_mcu7t5v0__fillca 
-------------------------------------------|-------------------------------------------
VDD                                        |VDD                                        
VSS                                        |VSS                                        
---------------------------------------------------------------------------------------
Cell pin lists are equivalent.
Device classes gf180mcu_fd_sc_mcu7t5v0__fillcap_32 and gf180mcu_fd_sc_mcu7t5v0__fillcap_32 are equivalent.

Cell gf180mcu_fd_sc_mcu7t5v0__antenna (0) disconnected node: I
Cell gf180mcu_fd_sc_mcu7t5v0__antenna (0) disconnected node: VDD
Cell gf180mcu_fd_sc_mcu7t5v0__antenna (0) disconnected node: VSS
Warning: Equate pins:  cell gf180mcu_fd_sc_mcu7t5v0__antenna is a placeholder, treated as a black box.

Subcircuit pins:
Circuit 1: gf180mcu_fd_sc_mcu7t5v0__antenn |Circuit 2: gf180mcu_fd_sc_mcu7t5v0__antenn 
-------------------------------------------|-------------------------------------------
I                                          |I                                          
VDD                                        |VDD                                        
VSS                                        |VSS                                        
---------------------------------------------------------------------------------------
Cell pin lists are equivalent.
Device classes gf180mcu_fd_sc_mcu7t5v0__antenna and gf180mcu_fd_sc_mcu7t5v0__antenna are equivalent.

Cell gf180mcu_fd_sc_mcu7t5v0__buf_1 (0) disconnected node: I
Cell gf180mcu_fd_sc_mcu7t5v0__buf_1 (0) disconnected node: Z
Cell gf180mcu_fd_sc_mcu7t5v0__buf_1 (0) disconnected node: VDD
Cell gf180mcu_fd_sc_mcu7t5v0__buf_1 (0) disconnected node: VSS
Warning: Equate pins:  cell gf180mcu_fd_sc_mcu7t5v0__buf_1 is a placeholder, treated as a black box.

Subcircuit pins:
Circuit 1: gf180mcu_fd_sc_mcu7t5v0__buf_1  |Circuit 2: gf180mcu_fd_sc_mcu7t5v0__buf_1  
-------------------------------------------|-------------------------------------------
I                                          |I                                          
Z                                          |Z                                          
VDD                                        |VDD                                        
VSS                                        |VSS                                        
---------------------------------------------------------------------------------------
Cell pin lists are equivalent.
Device classes gf180mcu_fd_sc_mcu7t5v0__buf_1 and gf180mcu_fd_sc_mcu7t5v0__buf_1 are equivalent.

Cell gf180mcu_fd_sc_mcu7t5v0__aoi21_1 (0) disconnected node: A1
Cell gf180mcu_fd_sc_mcu7t5v0__aoi21_1 (0) disconnected node: A2
Cell gf180mcu_fd_sc_mcu7t5v0__aoi21_1 (0) disconnected node: B
Cell gf180mcu_fd_sc_mcu7t5v0__aoi21_1 (0) disconnected node: ZN
Cell gf180mcu_fd_sc_mcu7t5v0__aoi21_1 (0) disconnected node: VDD
Cell gf180mcu_fd_sc_mcu7t5v0__aoi21_1 (0) disconnected node: VSS
Warning: Equate pins:  cell gf180mcu_fd_sc_mcu7t5v0__aoi21_1 is a placeholder, treated as a black box.

Subcircuit pins:
Circuit 1: gf180mcu_fd_sc_mcu7t5v0__aoi21_ |Circuit 2: gf180mcu_fd_sc_mcu7t5v0__aoi21_ 
-------------------------------------------|-------------------------------------------
A1                                         |A1                                         
A2                                         |A2                                         
B                                          |B                                          
ZN                                         |ZN                                         
VDD                                        |VDD                                        
VSS                                        |VSS                                        
---------------------------------------------------------------------------------------
Cell pin lists are equivalent.
Device classes gf180mcu_fd_sc_mcu7t5v0__aoi21_1 and gf180mcu_fd_sc_mcu7t5v0__aoi21_1 are equivalent.

Cell gf180mcu_fd_sc_mcu7t5v0__dffq_1 (0) disconnected node: D
Cell gf180mcu_fd_sc_mcu7t5v0__dffq_1 (0) disconnected node: CLK
Cell gf180mcu_fd_sc_mcu7t5v0__dffq_1 (0) disconnected node: Q
Cell gf180mcu_fd_sc_mcu7t5v0__dffq_1 (0) disconnected node: VDD
Cell gf180mcu_fd_sc_mcu7t5v0__dffq_1 (0) disconnected node: VSS
Warning: Equate pins:  cell gf180mcu_fd_sc_mcu7t5v0__dffq_1 is a placeholder, treated as a black box.

Subcircuit pins:
Circuit 1: gf180mcu_fd_sc_mcu7t5v0__dffq_1 |Circuit 2: gf180mcu_fd_sc_mcu7t5v0__dffq_1 
-------------------------------------------|-------------------------------------------
D                                          |D                                          
CLK                                        |CLK                                        
Q                                          |Q                                          
VDD                                        |VDD                                        
VSS                                        |VSS                                        
---------------------------------------------------------------------------------------
Cell pin lists are equivalent.
Device classes gf180mcu_fd_sc_mcu7t5v0__dffq_1 and gf180mcu_fd_sc_mcu7t5v0__dffq_1 are equivalent.

Cell gf180mcu_fd_sc_mcu7t5v0__clkinv_1 (0) disconnected node: I
Cell gf180mcu_fd_sc_mcu7t5v0__clkinv_1 (0) disconnected node: ZN
Cell gf180mcu_fd_sc_mcu7t5v0__clkinv_1 (0) disconnected node: VDD
Cell gf180mcu_fd_sc_mcu7t5v0__clkinv_1 (0) disconnected node: VSS
Warning: Equate pins:  cell gf180mcu_fd_sc_mcu7t5v0__clkinv_1 is a placeholder, treated as a black box.

Subcircuit pins:
Circuit 1: gf180mcu_fd_sc_mcu7t5v0__clkinv |Circuit 2: gf180mcu_fd_sc_mcu7t5v0__clkinv 
-------------------------------------------|-------------------------------------------
I                                          |I                                          
ZN                                         |ZN                                         
VDD                                        |VDD                                        
VSS                                        |VSS                                        
---------------------------------------------------------------------------------------
Cell pin lists are equivalent.
Device classes gf180mcu_fd_sc_mcu7t5v0__clkinv_1 and gf180mcu_fd_sc_mcu7t5v0__clkinv_1 are equivalent.

Cell gf180mcu_fd_sc_mcu7t5v0__clkbuf_3 (0) disconnected node: I
Cell gf180mcu_fd_sc_mcu7t5v0__clkbuf_3 (0) disconnected node: Z
Cell gf180mcu_fd_sc_mcu7t5v0__clkbuf_3 (0) disconnected node: VDD
Cell gf180mcu_fd_sc_mcu7t5v0__clkbuf_3 (0) disconnected node: VSS
Warning: Equate pins:  cell gf180mcu_fd_sc_mcu7t5v0__clkbuf_3 is a placeholder, treated as a black box.

Subcircuit pins:
Circuit 1: gf180mcu_fd_sc_mcu7t5v0__clkbuf |Circuit 2: gf180mcu_fd_sc_mcu7t5v0__clkbuf 
-------------------------------------------|-------------------------------------------
I                                          |I                                          
Z                                          |Z                                          
VDD                                        |VDD                                        
VSS                                        |VSS                                        
---------------------------------------------------------------------------------------
Cell pin lists are equivalent.
Device classes gf180mcu_fd_sc_mcu7t5v0__clkbuf_3 and gf180mcu_fd_sc_mcu7t5v0__clkbuf_3 are equivalent.

Cell gf180mcu_fd_sc_mcu7t5v0__nand3_2 (0) disconnected node: A1
Cell gf180mcu_fd_sc_mcu7t5v0__nand3_2 (0) disconnected node: A2
Cell gf180mcu_fd_sc_mcu7t5v0__nand3_2 (0) disconnected node: A3
Cell gf180mcu_fd_sc_mcu7t5v0__nand3_2 (0) disconnected node: ZN
Cell gf180mcu_fd_sc_mcu7t5v0__nand3_2 (0) disconnected node: VDD
Cell gf180mcu_fd_sc_mcu7t5v0__nand3_2 (0) disconnected node: VSS
Warning: Equate pins:  cell gf180mcu_fd_sc_mcu7t5v0__nand3_2 is a placeholder, treated as a black box.

Subcircuit pins:
Circuit 1: gf180mcu_fd_sc_mcu7t5v0__nand3_ |Circuit 2: gf180mcu_fd_sc_mcu7t5v0__nand3_ 
-------------------------------------------|-------------------------------------------
A1                                         |A1                                         
A2                                         |A2                                         
A3                                         |A3                                         
ZN                                         |ZN                                         
VDD                                        |VDD                                        
VSS                                        |VSS                                        
---------------------------------------------------------------------------------------
Cell pin lists are equivalent.
Device classes gf180mcu_fd_sc_mcu7t5v0__nand3_2 and gf180mcu_fd_sc_mcu7t5v0__nand3_2 are equivalent.

Cell gf180mcu_fd_sc_mcu7t5v0__nand2_1 (0) disconnected node: A1
Cell gf180mcu_fd_sc_mcu7t5v0__nand2_1 (0) disconnected node: A2
Cell gf180mcu_fd_sc_mcu7t5v0__nand2_1 (0) disconnected node: ZN
Cell gf180mcu_fd_sc_mcu7t5v0__nand2_1 (0) disconnected node: VDD
Cell gf180mcu_fd_sc_mcu7t5v0__nand2_1 (0) disconnected node: VSS
Warning: Equate pins:  cell gf180mcu_fd_sc_mcu7t5v0__nand2_1 is a placeholder, treated as a black box.

Subcircuit pins:
Circuit 1: gf180mcu_fd_sc_mcu7t5v0__nand2_ |Circuit 2: gf180mcu_fd_sc_mcu7t5v0__nand2_ 
-------------------------------------------|-------------------------------------------
A1                                         |A1                                         
A2                                         |A2                                         
ZN                                         |ZN                                         
VDD                                        |VDD                                        
VSS                                        |VSS                                        
---------------------------------------------------------------------------------------
Cell pin lists are equivalent.
Device classes gf180mcu_fd_sc_mcu7t5v0__nand2_1 and gf180mcu_fd_sc_mcu7t5v0__nand2_1 are equivalent.

Cell gf180mcu_fd_sc_mcu7t5v0__aoi22_1 (0) disconnected node: A1
Cell gf180mcu_fd_sc_mcu7t5v0__aoi22_1 (0) disconnected node: A2
Cell gf180mcu_fd_sc_mcu7t5v0__aoi22_1 (0) disconnected node: B1
Cell gf180mcu_fd_sc_mcu7t5v0__aoi22_1 (0) disconnected node: B2
Cell gf180mcu_fd_sc_mcu7t5v0__aoi22_1 (0) disconnected node: ZN
Cell gf180mcu_fd_sc_mcu7t5v0__aoi22_1 (0) disconnected node: VDD
Cell gf180mcu_fd_sc_mcu7t5v0__aoi22_1 (0) disconnected node: VSS
Warning: Equate pins:  cell gf180mcu_fd_sc_mcu7t5v0__aoi22_1 is a placeholder, treated as a black box.

Subcircuit pins:
Circuit 1: gf180mcu_fd_sc_mcu7t5v0__aoi22_ |Circuit 2: gf180mcu_fd_sc_mcu7t5v0__aoi22_ 
-------------------------------------------|-------------------------------------------
A1                                         |A1                                         
A2                                         |A2                                         
B1                                         |B1                                         
B2                                         |B2                                         
ZN                                         |ZN                                         
VDD                                        |VDD                                        
VSS                                        |VSS                                        
---------------------------------------------------------------------------------------
Cell pin lists are equivalent.
Device classes gf180mcu_fd_sc_mcu7t5v0__aoi22_1 and gf180mcu_fd_sc_mcu7t5v0__aoi22_1 are equivalent.

Cell gf180mcu_fd_sc_mcu7t5v0__and4_1 (0) disconnected node: A1
Cell gf180mcu_fd_sc_mcu7t5v0__and4_1 (0) disconnected node: A2
Cell gf180mcu_fd_sc_mcu7t5v0__and4_1 (0) disconnected node: A3
Cell gf180mcu_fd_sc_mcu7t5v0__and4_1 (0) disconnected node: A4
Cell gf180mcu_fd_sc_mcu7t5v0__and4_1 (0) disconnected node: Z
Cell gf180mcu_fd_sc_mcu7t5v0__and4_1 (0) disconnected node: VDD
Cell gf180mcu_fd_sc_mcu7t5v0__and4_1 (0) disconnected node: VSS
Warning: Equate pins:  cell gf180mcu_fd_sc_mcu7t5v0__and4_1 is a placeholder, treated as a black box.

Subcircuit pins:
Circuit 1: gf180mcu_fd_sc_mcu7t5v0__and4_1 |Circuit 2: gf180mcu_fd_sc_mcu7t5v0__and4_1 
-------------------------------------------|-------------------------------------------
A1                                         |A1                                         
A2                                         |A2                                         
A3                                         |A3                                         
A4                                         |A4                                         
Z                                          |Z                                          
VDD                                        |VDD                                        
VSS                                        |VSS                                        
---------------------------------------------------------------------------------------
Cell pin lists are equivalent.
Device classes gf180mcu_fd_sc_mcu7t5v0__and4_1 and gf180mcu_fd_sc_mcu7t5v0__and4_1 are equivalent.

Cell gf180mcu_fd_sc_mcu7t5v0__tiel (0) disconnected node: ZN
Cell gf180mcu_fd_sc_mcu7t5v0__tiel (0) disconnected node: VDD
Cell gf180mcu_fd_sc_mcu7t5v0__tiel (0) disconnected node: VSS
Warning: Equate pins:  cell gf180mcu_fd_sc_mcu7t5v0__tiel is a placeholder, treated as a black box.

Subcircuit pins:
Circuit 1: gf180mcu_fd_sc_mcu7t5v0__tiel   |Circuit 2: gf180mcu_fd_sc_mcu7t5v0__tiel   
-------------------------------------------|-------------------------------------------
ZN                                         |ZN                                         
VDD                                        |VDD                                        
VSS                                        |VSS                                        
---------------------------------------------------------------------------------------
Cell pin lists are equivalent.
Device classes gf180mcu_fd_sc_mcu7t5v0__tiel and gf180mcu_fd_sc_mcu7t5v0__tiel are equivalent.

Cell gf180mcu_fd_sc_mcu7t5v0__and3_1 (0) disconnected node: A1
Cell gf180mcu_fd_sc_mcu7t5v0__and3_1 (0) disconnected node: A2
Cell gf180mcu_fd_sc_mcu7t5v0__and3_1 (0) disconnected node: A3
Cell gf180mcu_fd_sc_mcu7t5v0__and3_1 (0) disconnected node: Z
Cell gf180mcu_fd_sc_mcu7t5v0__and3_1 (0) disconnected node: VDD
Cell gf180mcu_fd_sc_mcu7t5v0__and3_1 (0) disconnected node: VSS
Warning: Equate pins:  cell gf180mcu_fd_sc_mcu7t5v0__and3_1 is a placeholder, treated as a black box.

Subcircuit pins:
Circuit 1: gf180mcu_fd_sc_mcu7t5v0__and3_1 |Circuit 2: gf180mcu_fd_sc_mcu7t5v0__and3_1 
-------------------------------------------|-------------------------------------------
A1                                         |A1                                         
A2                                         |A2                                         
A3                                         |A3                                         
Z                                          |Z                                          
VDD                                        |VDD                                        
VSS                                        |VSS                                        
---------------------------------------------------------------------------------------
Cell pin lists are equivalent.
Device classes gf180mcu_fd_sc_mcu7t5v0__and3_1 and gf180mcu_fd_sc_mcu7t5v0__and3_1 are equivalent.

Cell gf180mcu_fd_sc_mcu7t5v0__nor4_4 (0) disconnected node: A1
Cell gf180mcu_fd_sc_mcu7t5v0__nor4_4 (0) disconnected node: A2
Cell gf180mcu_fd_sc_mcu7t5v0__nor4_4 (0) disconnected node: A3
Cell gf180mcu_fd_sc_mcu7t5v0__nor4_4 (0) disconnected node: A4
Cell gf180mcu_fd_sc_mcu7t5v0__nor4_4 (0) disconnected node: ZN
Cell gf180mcu_fd_sc_mcu7t5v0__nor4_4 (0) disconnected node: VDD
Cell gf180mcu_fd_sc_mcu7t5v0__nor4_4 (0) disconnected node: VSS
Warning: Equate pins:  cell gf180mcu_fd_sc_mcu7t5v0__nor4_4 is a placeholder, treated as a black box.

Subcircuit pins:
Circuit 1: gf180mcu_fd_sc_mcu7t5v0__nor4_4 |Circuit 2: gf180mcu_fd_sc_mcu7t5v0__nor4_4 
-------------------------------------------|-------------------------------------------
A1                                         |A1                                         
A2                                         |A2                                         
A3                                         |A3                                         
A4                                         |A4                                         
ZN                                         |ZN                                         
VDD                                        |VDD                                        
VSS                                        |VSS                                        
---------------------------------------------------------------------------------------
Cell pin lists are equivalent.
Device classes gf180mcu_fd_sc_mcu7t5v0__nor4_4 and gf180mcu_fd_sc_mcu7t5v0__nor4_4 are equivalent.

Cell gf180mcu_fd_sc_mcu7t5v0__and2_1 (0) disconnected node: A1
Cell gf180mcu_fd_sc_mcu7t5v0__and2_1 (0) disconnected node: A2
Cell gf180mcu_fd_sc_mcu7t5v0__and2_1 (0) disconnected node: Z
Cell gf180mcu_fd_sc_mcu7t5v0__and2_1 (0) disconnected node: VDD
Cell gf180mcu_fd_sc_mcu7t5v0__and2_1 (0) disconnected node: VSS
Warning: Equate pins:  cell gf180mcu_fd_sc_mcu7t5v0__and2_1 is a placeholder, treated as a black box.

Subcircuit pins:
Circuit 1: gf180mcu_fd_sc_mcu7t5v0__and2_1 |Circuit 2: gf180mcu_fd_sc_mcu7t5v0__and2_1 
-------------------------------------------|-------------------------------------------
A1                                         |A1                                         
A2                                         |A2                                         
Z                                          |Z                                          
VDD                                        |VDD                                        
VSS                                        |VSS                                        
---------------------------------------------------------------------------------------
Cell pin lists are equivalent.
Device classes gf180mcu_fd_sc_mcu7t5v0__and2_1 and gf180mcu_fd_sc_mcu7t5v0__and2_1 are equivalent.

Cell gf180mcu_fd_sc_mcu7t5v0__dlyb_1 (0) disconnected node: I
Cell gf180mcu_fd_sc_mcu7t5v0__dlyb_1 (0) disconnected node: Z
Cell gf180mcu_fd_sc_mcu7t5v0__dlyb_1 (0) disconnected node: VDD
Cell gf180mcu_fd_sc_mcu7t5v0__dlyb_1 (0) disconnected node: VSS
Warning: Equate pins:  cell gf180mcu_fd_sc_mcu7t5v0__dlyb_1 is a placeholder, treated as a black box.

Subcircuit pins:
Circuit 1: gf180mcu_fd_sc_mcu7t5v0__dlyb_1 |Circuit 2: gf180mcu_fd_sc_mcu7t5v0__dlyb_1 
-------------------------------------------|-------------------------------------------
I                                          |I                                          
Z                                          |Z                                          
VDD                                        |VDD                                        
VSS                                        |VSS                                        
---------------------------------------------------------------------------------------
Cell pin lists are equivalent.
Device classes gf180mcu_fd_sc_mcu7t5v0__dlyb_1 and gf180mcu_fd_sc_mcu7t5v0__dlyb_1 are equivalent.

Cell gf180mcu_fd_sc_mcu7t5v0__or2_1 (0) disconnected node: A1
Cell gf180mcu_fd_sc_mcu7t5v0__or2_1 (0) disconnected node: A2
Cell gf180mcu_fd_sc_mcu7t5v0__or2_1 (0) disconnected node: Z
Cell gf180mcu_fd_sc_mcu7t5v0__or2_1 (0) disconnected node: VDD
Cell gf180mcu_fd_sc_mcu7t5v0__or2_1 (0) disconnected node: VSS
Warning: Equate pins:  cell gf180mcu_fd_sc_mcu7t5v0__or2_1 is a placeholder, treated as a black box.

Subcircuit pins:
Circuit 1: gf180mcu_fd_sc_mcu7t5v0__or2_1  |Circuit 2: gf180mcu_fd_sc_mcu7t5v0__or2_1  
-------------------------------------------|-------------------------------------------
A1                                         |A1                                         
A2                                         |A2                                         
Z                                          |Z                                          
VDD                                        |VDD                                        
VSS                                        |VSS                                        
---------------------------------------------------------------------------------------
Cell pin lists are equivalent.
Device classes gf180mcu_fd_sc_mcu7t5v0__or2_1 and gf180mcu_fd_sc_mcu7t5v0__or2_1 are equivalent.

Cell gf180mcu_fd_sc_mcu7t5v0__nand3_1 (0) disconnected node: A1
Cell gf180mcu_fd_sc_mcu7t5v0__nand3_1 (0) disconnected node: A2
Cell gf180mcu_fd_sc_mcu7t5v0__nand3_1 (0) disconnected node: A3
Cell gf180mcu_fd_sc_mcu7t5v0__nand3_1 (0) disconnected node: ZN
Cell gf180mcu_fd_sc_mcu7t5v0__nand3_1 (0) disconnected node: VDD
Cell gf180mcu_fd_sc_mcu7t5v0__nand3_1 (0) disconnected node: VSS
Warning: Equate pins:  cell gf180mcu_fd_sc_mcu7t5v0__nand3_1 is a placeholder, treated as a black box.

Subcircuit pins:
Circuit 1: gf180mcu_fd_sc_mcu7t5v0__nand3_ |Circuit 2: gf180mcu_fd_sc_mcu7t5v0__nand3_ 
-------------------------------------------|-------------------------------------------
A1                                         |A1                                         
A2                                         |A2                                         
A3                                         |A3                                         
ZN                                         |ZN                                         
VDD                                        |VDD                                        
VSS                                        |VSS                                        
---------------------------------------------------------------------------------------
Cell pin lists are equivalent.
Device classes gf180mcu_fd_sc_mcu7t5v0__nand3_1 and gf180mcu_fd_sc_mcu7t5v0__nand3_1 are equivalent.

Cell gf180mcu_fd_sc_mcu7t5v0__nand4_1 (0) disconnected node: A1
Cell gf180mcu_fd_sc_mcu7t5v0__nand4_1 (0) disconnected node: A2
Cell gf180mcu_fd_sc_mcu7t5v0__nand4_1 (0) disconnected node: A3
Cell gf180mcu_fd_sc_mcu7t5v0__nand4_1 (0) disconnected node: A4
Cell gf180mcu_fd_sc_mcu7t5v0__nand4_1 (0) disconnected node: ZN
Cell gf180mcu_fd_sc_mcu7t5v0__nand4_1 (0) disconnected node: VDD
Cell gf180mcu_fd_sc_mcu7t5v0__nand4_1 (0) disconnected node: VSS
Warning: Equate pins:  cell gf180mcu_fd_sc_mcu7t5v0__nand4_1 is a placeholder, treated as a black box.

Subcircuit pins:
Circuit 1: gf180mcu_fd_sc_mcu7t5v0__nand4_ |Circuit 2: gf180mcu_fd_sc_mcu7t5v0__nand4_ 
-------------------------------------------|-------------------------------------------
A1                                         |A1                                         
A2                                         |A2                                         
A3                                         |A3                                         
A4                                         |A4                                         
ZN                                         |ZN                                         
VDD                                        |VDD                                        
VSS                                        |VSS                                        
---------------------------------------------------------------------------------------
Cell pin lists are equivalent.
Device classes gf180mcu_fd_sc_mcu7t5v0__nand4_1 and gf180mcu_fd_sc_mcu7t5v0__nand4_1 are equivalent.

Cell gf180mcu_fd_sc_mcu7t5v0__clkbuf_1 (0) disconnected node: I
Cell gf180mcu_fd_sc_mcu7t5v0__clkbuf_1 (0) disconnected node: Z
Cell gf180mcu_fd_sc_mcu7t5v0__clkbuf_1 (0) disconnected node: VDD
Cell gf180mcu_fd_sc_mcu7t5v0__clkbuf_1 (0) disconnected node: VSS
Warning: Equate pins:  cell gf180mcu_fd_sc_mcu7t5v0__clkbuf_1 is a placeholder, treated as a black box.

Subcircuit pins:
Circuit 1: gf180mcu_fd_sc_mcu7t5v0__clkbuf |Circuit 2: gf180mcu_fd_sc_mcu7t5v0__clkbuf 
-------------------------------------------|-------------------------------------------
I                                          |I                                          
Z                                          |Z                                          
VDD                                        |VDD                                        
VSS                                        |VSS                                        
---------------------------------------------------------------------------------------
Cell pin lists are equivalent.
Device classes gf180mcu_fd_sc_mcu7t5v0__clkbuf_1 and gf180mcu_fd_sc_mcu7t5v0__clkbuf_1 are equivalent.

Cell gf180mcu_fd_sc_mcu7t5v0__nor2_1 (0) disconnected node: A1
Cell gf180mcu_fd_sc_mcu7t5v0__nor2_1 (0) disconnected node: A2
Cell gf180mcu_fd_sc_mcu7t5v0__nor2_1 (0) disconnected node: ZN
Cell gf180mcu_fd_sc_mcu7t5v0__nor2_1 (0) disconnected node: VDD
Cell gf180mcu_fd_sc_mcu7t5v0__nor2_1 (0) disconnected node: VSS
Warning: Equate pins:  cell gf180mcu_fd_sc_mcu7t5v0__nor2_1 is a placeholder, treated as a black box.

Subcircuit pins:
Circuit 1: gf180mcu_fd_sc_mcu7t5v0__nor2_1 |Circuit 2: gf180mcu_fd_sc_mcu7t5v0__nor2_1 
-------------------------------------------|-------------------------------------------
A1                                         |A1                                         
A2                                         |A2                                         
ZN                                         |ZN                                         
VDD                                        |VDD                                        
VSS                                        |VSS                                        
---------------------------------------------------------------------------------------
Cell pin lists are equivalent.
Device classes gf180mcu_fd_sc_mcu7t5v0__nor2_1 and gf180mcu_fd_sc_mcu7t5v0__nor2_1 are equivalent.

Cell gf180mcu_fd_sc_mcu7t5v0__oai21_1 (0) disconnected node: A1
Cell gf180mcu_fd_sc_mcu7t5v0__oai21_1 (0) disconnected node: A2
Cell gf180mcu_fd_sc_mcu7t5v0__oai21_1 (0) disconnected node: B
Cell gf180mcu_fd_sc_mcu7t5v0__oai21_1 (0) disconnected node: ZN
Cell gf180mcu_fd_sc_mcu7t5v0__oai21_1 (0) disconnected node: VDD
Cell gf180mcu_fd_sc_mcu7t5v0__oai21_1 (0) disconnected node: VSS
Warning: Equate pins:  cell gf180mcu_fd_sc_mcu7t5v0__oai21_1 is a placeholder, treated as a black box.

Subcircuit pins:
Circuit 1: gf180mcu_fd_sc_mcu7t5v0__oai21_ |Circuit 2: gf180mcu_fd_sc_mcu7t5v0__oai21_ 
-------------------------------------------|-------------------------------------------
A1                                         |A1                                         
A2                                         |A2                                         
B                                          |B                                          
ZN                                         |ZN                                         
VDD                                        |VDD                                        
VSS                                        |VSS                                        
---------------------------------------------------------------------------------------
Cell pin lists are equivalent.
Device classes gf180mcu_fd_sc_mcu7t5v0__oai21_1 and gf180mcu_fd_sc_mcu7t5v0__oai21_1 are equivalent.

Cell gf180mcu_fd_sc_mcu7t5v0__nor3_1 (0) disconnected node: A1
Cell gf180mcu_fd_sc_mcu7t5v0__nor3_1 (0) disconnected node: A2
Cell gf180mcu_fd_sc_mcu7t5v0__nor3_1 (0) disconnected node: A3
Cell gf180mcu_fd_sc_mcu7t5v0__nor3_1 (0) disconnected node: ZN
Cell gf180mcu_fd_sc_mcu7t5v0__nor3_1 (0) disconnected node: VDD
Cell gf180mcu_fd_sc_mcu7t5v0__nor3_1 (0) disconnected node: VSS
Warning: Equate pins:  cell gf180mcu_fd_sc_mcu7t5v0__nor3_1 is a placeholder, treated as a black box.

Subcircuit pins:
Circuit 1: gf180mcu_fd_sc_mcu7t5v0__nor3_1 |Circuit 2: gf180mcu_fd_sc_mcu7t5v0__nor3_1 
-------------------------------------------|-------------------------------------------
A1                                         |A1                                         
A2                                         |A2                                         
A3                                         |A3                                         
ZN                                         |ZN                                         
VDD                                        |VDD                                        
VSS                                        |VSS                                        
---------------------------------------------------------------------------------------
Cell pin lists are equivalent.
Device classes gf180mcu_fd_sc_mcu7t5v0__nor3_1 and gf180mcu_fd_sc_mcu7t5v0__nor3_1 are equivalent.

Cell gf180mcu_fd_sc_mcu7t5v0__clkbuf_2 (0) disconnected node: I
Cell gf180mcu_fd_sc_mcu7t5v0__clkbuf_2 (0) disconnected node: Z
Cell gf180mcu_fd_sc_mcu7t5v0__clkbuf_2 (0) disconnected node: VDD
Cell gf180mcu_fd_sc_mcu7t5v0__clkbuf_2 (0) disconnected node: VSS
Warning: Equate pins:  cell gf180mcu_fd_sc_mcu7t5v0__clkbuf_2 is a placeholder, treated as a black box.

Subcircuit pins:
Circuit 1: gf180mcu_fd_sc_mcu7t5v0__clkbuf |Circuit 2: gf180mcu_fd_sc_mcu7t5v0__clkbuf 
-------------------------------------------|-------------------------------------------
I                                          |I                                          
Z                                          |Z                                          
VDD                                        |VDD                                        
VSS                                        |VSS                                        
---------------------------------------------------------------------------------------
Cell pin lists are equivalent.
Device classes gf180mcu_fd_sc_mcu7t5v0__clkbuf_2 and gf180mcu_fd_sc_mcu7t5v0__clkbuf_2 are equivalent.

Cell gf180mcu_fd_sc_mcu7t5v0__nor4_2 (0) disconnected node: A1
Cell gf180mcu_fd_sc_mcu7t5v0__nor4_2 (0) disconnected node: A2
Cell gf180mcu_fd_sc_mcu7t5v0__nor4_2 (0) disconnected node: A3
Cell gf180mcu_fd_sc_mcu7t5v0__nor4_2 (0) disconnected node: A4
Cell gf180mcu_fd_sc_mcu7t5v0__nor4_2 (0) disconnected node: ZN
Cell gf180mcu_fd_sc_mcu7t5v0__nor4_2 (0) disconnected node: VDD
Cell gf180mcu_fd_sc_mcu7t5v0__nor4_2 (0) disconnected node: VSS
Warning: Equate pins:  cell gf180mcu_fd_sc_mcu7t5v0__nor4_2 is a placeholder, treated as a black box.

Subcircuit pins:
Circuit 1: gf180mcu_fd_sc_mcu7t5v0__nor4_2 |Circuit 2: gf180mcu_fd_sc_mcu7t5v0__nor4_2 
-------------------------------------------|-------------------------------------------
A1                                         |A1                                         
A2                                         |A2                                         
A3                                         |A3                                         
A4                                         |A4                                         
ZN                                         |ZN                                         
VDD                                        |VDD                                        
VSS                                        |VSS                                        
---------------------------------------------------------------------------------------
Cell pin lists are equivalent.
Device classes gf180mcu_fd_sc_mcu7t5v0__nor4_2 and gf180mcu_fd_sc_mcu7t5v0__nor4_2 are equivalent.

Cell gf180mcu_fd_sc_mcu7t5v0__or3_1 (0) disconnected node: A1
Cell gf180mcu_fd_sc_mcu7t5v0__or3_1 (0) disconnected node: A2
Cell gf180mcu_fd_sc_mcu7t5v0__or3_1 (0) disconnected node: A3
Cell gf180mcu_fd_sc_mcu7t5v0__or3_1 (0) disconnected node: Z
Cell gf180mcu_fd_sc_mcu7t5v0__or3_1 (0) disconnected node: VDD
Cell gf180mcu_fd_sc_mcu7t5v0__or3_1 (0) disconnected node: VSS
Warning: Equate pins:  cell gf180mcu_fd_sc_mcu7t5v0__or3_1 is a placeholder, treated as a black box.

Subcircuit pins:
Circuit 1: gf180mcu_fd_sc_mcu7t5v0__or3_1  |Circuit 2: gf180mcu_fd_sc_mcu7t5v0__or3_1  
-------------------------------------------|-------------------------------------------
A1                                         |A1                                         
A2                                         |A2                                         
A3                                         |A3                                         
Z                                          |Z                                          
VDD                                        |VDD                                        
VSS                                        |VSS                                        
---------------------------------------------------------------------------------------
Cell pin lists are equivalent.
Device classes gf180mcu_fd_sc_mcu7t5v0__or3_1 and gf180mcu_fd_sc_mcu7t5v0__or3_1 are equivalent.

Cell gf180mcu_fd_sc_mcu7t5v0__oai211_1 (0) disconnected node: A1
Cell gf180mcu_fd_sc_mcu7t5v0__oai211_1 (0) disconnected node: A2
Cell gf180mcu_fd_sc_mcu7t5v0__oai211_1 (0) disconnected node: B
Cell gf180mcu_fd_sc_mcu7t5v0__oai211_1 (0) disconnected node: C
Cell gf180mcu_fd_sc_mcu7t5v0__oai211_1 (0) disconnected node: ZN
Cell gf180mcu_fd_sc_mcu7t5v0__oai211_1 (0) disconnected node: VDD
Cell gf180mcu_fd_sc_mcu7t5v0__oai211_1 (0) disconnected node: VSS
Warning: Equate pins:  cell gf180mcu_fd_sc_mcu7t5v0__oai211_1 is a placeholder, treated as a black box.

Subcircuit pins:
Circuit 1: gf180mcu_fd_sc_mcu7t5v0__oai211 |Circuit 2: gf180mcu_fd_sc_mcu7t5v0__oai211 
-------------------------------------------|-------------------------------------------
A1                                         |A1                                         
A2                                         |A2                                         
B                                          |B                                          
C                                          |C                                          
ZN                                         |ZN                                         
VDD                                        |VDD                                        
VSS                                        |VSS                                        
---------------------------------------------------------------------------------------
Cell pin lists are equivalent.
Device classes gf180mcu_fd_sc_mcu7t5v0__oai211_1 and gf180mcu_fd_sc_mcu7t5v0__oai211_1 are equivalent.

Cell gf180mcu_fd_sc_mcu7t5v0__nor4_1 (0) disconnected node: A1
Cell gf180mcu_fd_sc_mcu7t5v0__nor4_1 (0) disconnected node: A2
Cell gf180mcu_fd_sc_mcu7t5v0__nor4_1 (0) disconnected node: A3
Cell gf180mcu_fd_sc_mcu7t5v0__nor4_1 (0) disconnected node: A4
Cell gf180mcu_fd_sc_mcu7t5v0__nor4_1 (0) disconnected node: ZN
Cell gf180mcu_fd_sc_mcu7t5v0__nor4_1 (0) disconnected node: VDD
Cell gf180mcu_fd_sc_mcu7t5v0__nor4_1 (0) disconnected node: VSS
Warning: Equate pins:  cell gf180mcu_fd_sc_mcu7t5v0__nor4_1 is a placeholder, treated as a black box.

Subcircuit pins:
Circuit 1: gf180mcu_fd_sc_mcu7t5v0__nor4_1 |Circuit 2: gf180mcu_fd_sc_mcu7t5v0__nor4_1 
-------------------------------------------|-------------------------------------------
A1                                         |A1                                         
A2                                         |A2                                         
A3                                         |A3                                         
A4                                         |A4                                         
ZN                                         |ZN                                         
VDD                                        |VDD                                        
VSS                                        |VSS                                        
---------------------------------------------------------------------------------------
Cell pin lists are equivalent.
Device classes gf180mcu_fd_sc_mcu7t5v0__nor4_1 and gf180mcu_fd_sc_mcu7t5v0__nor4_1 are equivalent.

Cell gf180mcu_fd_sc_mcu7t5v0__clkbuf_16 (0) disconnected node: I
Cell gf180mcu_fd_sc_mcu7t5v0__clkbuf_16 (0) disconnected node: Z
Cell gf180mcu_fd_sc_mcu7t5v0__clkbuf_16 (0) disconnected node: VDD
Cell gf180mcu_fd_sc_mcu7t5v0__clkbuf_16 (0) disconnected node: VSS
Warning: Equate pins:  cell gf180mcu_fd_sc_mcu7t5v0__clkbuf_16 is a placeholder, treated as a black box.

Subcircuit pins:
Circuit 1: gf180mcu_fd_sc_mcu7t5v0__clkbuf |Circuit 2: gf180mcu_fd_sc_mcu7t5v0__clkbuf 
-------------------------------------------|-------------------------------------------
I                                          |I                                          
Z                                          |Z                                          
VDD                                        |VDD                                        
VSS                                        |VSS                                        
---------------------------------------------------------------------------------------
Cell pin lists are equivalent.
Device classes gf180mcu_fd_sc_mcu7t5v0__clkbuf_16 and gf180mcu_fd_sc_mcu7t5v0__clkbuf_16 are equivalent.

Cell gf180mcu_fd_sc_mcu7t5v0__mux2_2 (0) disconnected node: I0
Cell gf180mcu_fd_sc_mcu7t5v0__mux2_2 (0) disconnected node: I1
Cell gf180mcu_fd_sc_mcu7t5v0__mux2_2 (0) disconnected node: S
Cell gf180mcu_fd_sc_mcu7t5v0__mux2_2 (0) disconnected node: Z
Cell gf180mcu_fd_sc_mcu7t5v0__mux2_2 (0) disconnected node: VDD
Cell gf180mcu_fd_sc_mcu7t5v0__mux2_2 (0) disconnected node: VSS
Warning: Equate pins:  cell gf180mcu_fd_sc_mcu7t5v0__mux2_2 is a placeholder, treated as a black box.

Subcircuit pins:
Circuit 1: gf180mcu_fd_sc_mcu7t5v0__mux2_2 |Circuit 2: gf180mcu_fd_sc_mcu7t5v0__mux2_2 
-------------------------------------------|-------------------------------------------
I0                                         |I0                                         
I1                                         |I1                                         
S                                          |S                                          
Z                                          |Z                                          
VDD                                        |VDD                                        
VSS                                        |VSS                                        
---------------------------------------------------------------------------------------
Cell pin lists are equivalent.
Device classes gf180mcu_fd_sc_mcu7t5v0__mux2_2 and gf180mcu_fd_sc_mcu7t5v0__mux2_2 are equivalent.

Cell plant_example (0) disconnected node: io_in[10]
Cell plant_example (0) disconnected node: io_in[11]
Cell plant_example (0) disconnected node: io_in[12]
Cell plant_example (0) disconnected node: io_in[13]
Cell plant_example (0) disconnected node: io_in[14]
Cell plant_example (0) disconnected node: io_in[15]
Cell plant_example (0) disconnected node: io_in[16]
Cell plant_example (0) disconnected node: io_in[17]
Cell plant_example (0) disconnected node: io_in[18]
Cell plant_example (0) disconnected node: io_in[19]
Cell plant_example (0) disconnected node: io_in[20]
Cell plant_example (0) disconnected node: io_in[21]
Cell plant_example (0) disconnected node: io_in[22]
Cell plant_example (0) disconnected node: io_in[23]
Cell plant_example (0) disconnected node: io_in[24]
Cell plant_example (0) disconnected node: io_in[25]
Cell plant_example (0) disconnected node: io_in[26]
Cell plant_example (0) disconnected node: io_in[27]
Cell plant_example (0) disconnected node: io_in[28]
Cell plant_example (0) disconnected node: io_in[29]
Cell plant_example (0) disconnected node: io_in[30]
Cell plant_example (0) disconnected node: io_in[31]
Cell plant_example (0) disconnected node: io_in[32]
Cell plant_example (0) disconnected node: io_in[33]
Cell plant_example (0) disconnected node: io_in[34]
Cell plant_example (0) disconnected node: io_in[35]
Cell plant_example (0) disconnected node: io_in[36]
Cell plant_example (0) disconnected node: io_in[37]
Cell plant_example (0) disconnected node: io_in[4]
Cell plant_example (0) disconnected node: io_in[5]
Cell plant_example (0) disconnected node: io_in[6]
Cell plant_example (0) disconnected node: io_in[7]
Cell plant_example (0) disconnected node: io_in[8]
Cell plant_example (0) disconnected node: io_in[9]
Cell plant_example (0) disconnected node: wbs_sel_i[3]
Cell plant_example (1) disconnected node: io_in[37]
Cell plant_example (1) disconnected node: io_in[36]
Cell plant_example (1) disconnected node: io_in[35]
Cell plant_example (1) disconnected node: io_in[34]
Cell plant_example (1) disconnected node: io_in[33]
Cell plant_example (1) disconnected node: io_in[32]
Cell plant_example (1) disconnected node: io_in[31]
Cell plant_example (1) disconnected node: io_in[30]
Cell plant_example (1) disconnected node: io_in[29]
Cell plant_example (1) disconnected node: io_in[28]
Cell plant_example (1) disconnected node: io_in[27]
Cell plant_example (1) disconnected node: io_in[26]
Cell plant_example (1) disconnected node: io_in[25]
Cell plant_example (1) disconnected node: io_in[24]
Cell plant_example (1) disconnected node: io_in[23]
Cell plant_example (1) disconnected node: io_in[22]
Cell plant_example (1) disconnected node: io_in[21]
Cell plant_example (1) disconnected node: io_in[20]
Cell plant_example (1) disconnected node: io_in[19]
Cell plant_example (1) disconnected node: io_in[18]
Cell plant_example (1) disconnected node: io_in[17]
Cell plant_example (1) disconnected node: io_in[16]
Cell plant_example (1) disconnected node: io_in[15]
Cell plant_example (1) disconnected node: io_in[14]
Cell plant_example (1) disconnected node: io_in[13]
Cell plant_example (1) disconnected node: io_in[12]
Cell plant_example (1) disconnected node: io_in[11]
Cell plant_example (1) disconnected node: io_in[10]
Cell plant_example (1) disconnected node: io_in[9]
Cell plant_example (1) disconnected node: io_in[8]
Cell plant_example (1) disconnected node: io_in[7]
Cell plant_example (1) disconnected node: io_in[6]
Cell plant_example (1) disconnected node: io_in[5]
Cell plant_example (1) disconnected node: io_in[4]
Cell plant_example (1) disconnected node: wbs_sel_i[3]
Class plant_example (0):  Merged 6742 parallel devices.
Class plant_example (1):  Merged 6742 parallel devices.
Cell plant_example (0) disconnected node: io_in[10]
Cell plant_example (0) disconnected node: io_in[11]
Cell plant_example (0) disconnected node: io_in[12]
Cell plant_example (0) disconnected node: io_in[13]
Cell plant_example (0) disconnected node: io_in[14]
Cell plant_example (0) disconnected node: io_in[15]
Cell plant_example (0) disconnected node: io_in[16]
Cell plant_example (0) disconnected node: io_in[17]
Cell plant_example (0) disconnected node: io_in[18]
Cell plant_example (0) disconnected node: io_in[19]
Cell plant_example (0) disconnected node: io_in[20]
Cell plant_example (0) disconnected node: io_in[21]
Cell plant_example (0) disconnected node: io_in[22]
Cell plant_example (0) disconnected node: io_in[23]
Cell plant_example (0) disconnected node: io_in[24]
Cell plant_example (0) disconnected node: io_in[25]
Cell plant_example (0) disconnected node: io_in[26]
Cell plant_example (0) disconnected node: io_in[27]
Cell plant_example (0) disconnected node: io_in[28]
Cell plant_example (0) disconnected node: io_in[29]
Cell plant_example (0) disconnected node: io_in[30]
Cell plant_example (0) disconnected node: io_in[31]
Cell plant_example (0) disconnected node: io_in[32]
Cell plant_example (0) disconnected node: io_in[33]
Cell plant_example (0) disconnected node: io_in[34]
Cell plant_example (0) disconnected node: io_in[35]
Cell plant_example (0) disconnected node: io_in[36]
Cell plant_example (0) disconnected node: io_in[37]
Cell plant_example (0) disconnected node: io_in[4]
Cell plant_example (0) disconnected node: io_in[5]
Cell plant_example (0) disconnected node: io_in[6]
Cell plant_example (0) disconnected node: io_in[7]
Cell plant_example (0) disconnected node: io_in[8]
Cell plant_example (0) disconnected node: io_in[9]
Cell plant_example (0) disconnected node: wbs_sel_i[3]
Cell plant_example (1) disconnected node: io_in[37]
Cell plant_example (1) disconnected node: io_in[36]
Cell plant_example (1) disconnected node: io_in[35]
Cell plant_example (1) disconnected node: io_in[34]
Cell plant_example (1) disconnected node: io_in[33]
Cell plant_example (1) disconnected node: io_in[32]
Cell plant_example (1) disconnected node: io_in[31]
Cell plant_example (1) disconnected node: io_in[30]
Cell plant_example (1) disconnected node: io_in[29]
Cell plant_example (1) disconnected node: io_in[28]
Cell plant_example (1) disconnected node: io_in[27]
Cell plant_example (1) disconnected node: io_in[26]
Cell plant_example (1) disconnected node: io_in[25]
Cell plant_example (1) disconnected node: io_in[24]
Cell plant_example (1) disconnected node: io_in[23]
Cell plant_example (1) disconnected node: io_in[22]
Cell plant_example (1) disconnected node: io_in[21]
Cell plant_example (1) disconnected node: io_in[20]
Cell plant_example (1) disconnected node: io_in[19]
Cell plant_example (1) disconnected node: io_in[18]
Cell plant_example (1) disconnected node: io_in[17]
Cell plant_example (1) disconnected node: io_in[16]
Cell plant_example (1) disconnected node: io_in[15]
Cell plant_example (1) disconnected node: io_in[14]
Cell plant_example (1) disconnected node: io_in[13]
Cell plant_example (1) disconnected node: io_in[12]
Cell plant_example (1) disconnected node: io_in[11]
Cell plant_example (1) disconnected node: io_in[10]
Cell plant_example (1) disconnected node: io_in[9]
Cell plant_example (1) disconnected node: io_in[8]
Cell plant_example (1) disconnected node: io_in[7]
Cell plant_example (1) disconnected node: io_in[6]
Cell plant_example (1) disconnected node: io_in[5]
Cell plant_example (1) disconnected node: io_in[4]
Cell plant_example (1) disconnected node: wbs_sel_i[3]
Subcircuit summary:
Circuit 1: plant_example                   |Circuit 2: plant_example                   
-------------------------------------------|-------------------------------------------
gf180mcu_fd_sc_mcu7t5v0__fillcap_64 (3039- |gf180mcu_fd_sc_mcu7t5v0__fillcap_64 (3039- 
gf180mcu_fd_sc_mcu7t5v0__fillcap_4 (3204-> |gf180mcu_fd_sc_mcu7t5v0__fillcap_4 (3204-> 
gf180mcu_fd_sc_mcu7t5v0__fillcap_16 (196-> |gf180mcu_fd_sc_mcu7t5v0__fillcap_16 (196-> 
gf180mcu_fd_sc_mcu7t5v0__fillcap_8 (74->1) |gf180mcu_fd_sc_mcu7t5v0__fillcap_8 (74->1) 
gf180mcu_fd_sc_mcu7t5v0__fillcap_32 (194-> |gf180mcu_fd_sc_mcu7t5v0__fillcap_32 (194-> 
gf180mcu_fd_sc_mcu7t5v0__antenna (79->39)  |gf180mcu_fd_sc_mcu7t5v0__antenna (79->39)  
gf180mcu_fd_sc_mcu7t5v0__buf_1 (4)         |gf180mcu_fd_sc_mcu7t5v0__buf_1 (4)         
gf180mcu_fd_sc_mcu7t5v0__aoi21_1 (6)       |gf180mcu_fd_sc_mcu7t5v0__aoi21_1 (6)       
gf180mcu_fd_sc_mcu7t5v0__dffq_1 (6)        |gf180mcu_fd_sc_mcu7t5v0__dffq_1 (6)        
gf180mcu_fd_sc_mcu7t5v0__clkinv_1 (8)      |gf180mcu_fd_sc_mcu7t5v0__clkinv_1 (8)      
gf180mcu_fd_sc_mcu7t5v0__clkbuf_3 (3)      |gf180mcu_fd_sc_mcu7t5v0__clkbuf_3 (3)      
gf180mcu_fd_sc_mcu7t5v0__nand3_2 (1)       |gf180mcu_fd_sc_mcu7t5v0__nand3_2 (1)       
gf180mcu_fd_sc_mcu7t5v0__nand2_1 (12)      |gf180mcu_fd_sc_mcu7t5v0__nand2_1 (12)      
gf180mcu_fd_sc_mcu7t5v0__aoi22_1 (2)       |gf180mcu_fd_sc_mcu7t5v0__aoi22_1 (2)       
gf180mcu_fd_sc_mcu7t5v0__and4_1 (4)        |gf180mcu_fd_sc_mcu7t5v0__and4_1 (4)        
gf180mcu_fd_sc_mcu7t5v0__tiel (73)         |gf180mcu_fd_sc_mcu7t5v0__tiel (73)         
gf180mcu_fd_sc_mcu7t5v0__and3_1 (2)        |gf180mcu_fd_sc_mcu7t5v0__and3_1 (2)        
gf180mcu_fd_sc_mcu7t5v0__nor4_4 (1)        |gf180mcu_fd_sc_mcu7t5v0__nor4_4 (1)        
gf180mcu_fd_sc_mcu7t5v0__and2_1 (3)        |gf180mcu_fd_sc_mcu7t5v0__and2_1 (3)        
gf180mcu_fd_sc_mcu7t5v0__dlyb_1 (5)        |gf180mcu_fd_sc_mcu7t5v0__dlyb_1 (5)        
gf180mcu_fd_sc_mcu7t5v0__or2_1 (2)         |gf180mcu_fd_sc_mcu7t5v0__or2_1 (2)         
gf180mcu_fd_sc_mcu7t5v0__nand3_1 (2)       |gf180mcu_fd_sc_mcu7t5v0__nand3_1 (2)       
gf180mcu_fd_sc_mcu7t5v0__nand4_1 (1)       |gf180mcu_fd_sc_mcu7t5v0__nand4_1 (1)       
gf180mcu_fd_sc_mcu7t5v0__clkbuf_1 (5)      |gf180mcu_fd_sc_mcu7t5v0__clkbuf_1 (5)      
gf180mcu_fd_sc_mcu7t5v0__nor2_1 (6)        |gf180mcu_fd_sc_mcu7t5v0__nor2_1 (6)        
gf180mcu_fd_sc_mcu7t5v0__oai21_1 (5)       |gf180mcu_fd_sc_mcu7t5v0__oai21_1 (5)       
gf180mcu_fd_sc_mcu7t5v0__nor3_1 (1)        |gf180mcu_fd_sc_mcu7t5v0__nor3_1 (1)        
gf180mcu_fd_sc_mcu7t5v0__clkbuf_2 (1)      |gf180mcu_fd_sc_mcu7t5v0__clkbuf_2 (1)      
gf180mcu_fd_sc_mcu7t5v0__nor4_2 (1)        |gf180mcu_fd_sc_mcu7t5v0__nor4_2 (1)        
gf180mcu_fd_sc_mcu7t5v0__or3_1 (1)         |gf180mcu_fd_sc_mcu7t5v0__or3_1 (1)         
gf180mcu_fd_sc_mcu7t5v0__oai211_1 (1)      |gf180mcu_fd_sc_mcu7t5v0__oai211_1 (1)      
gf180mcu_fd_sc_mcu7t5v0__nor4_1 (1)        |gf180mcu_fd_sc_mcu7t5v0__nor4_1 (1)        
gf180mcu_fd_sc_mcu7t5v0__clkbuf_16 (3)     |gf180mcu_fd_sc_mcu7t5v0__clkbuf_16 (3)     
gf180mcu_fd_sc_mcu7t5v0__mux2_2 (1)        |gf180mcu_fd_sc_mcu7t5v0__mux2_2 (1)        
Number of devices: 205                     |Number of devices: 205                     
Number of nets: 173                        |Number of nets: 173                        
---------------------------------------------------------------------------------------
Resolving symmetries by property value.
Resolving symmetries by pin name.
Netlists match uniquely.

Subcircuit pins:
Circuit 1: plant_example                   |Circuit 2: plant_example                   
-------------------------------------------|-------------------------------------------
io_oeb[1]                                  |io_oeb[1]                                  
io_out[0]                                  |io_out[0]                                  
io_oeb[0]                                  |io_oeb[0]                                  
io_oeb[8]                                  |io_oeb[8]                                  
io_oeb[7]                                  |io_oeb[7]                                  
io_oeb[18]                                 |io_oeb[18]                                 
io_oeb[6]                                  |io_oeb[6]                                  
io_oeb[17]                                 |io_oeb[17]                                 
io_oeb[28]                                 |io_oeb[28]                                 
io_out[1]                                  |io_out[1]                                  
io_oeb[5]                                  |io_oeb[5]                                  
io_oeb[16]                                 |io_oeb[16]                                 
io_oeb[27]                                 |io_oeb[27]                                 
io_out[11]                                 |io_out[11]                                 
io_oeb[4]                                  |io_oeb[4]                                  
io_oeb[15]                                 |io_oeb[15]                                 
io_oeb[26]                                 |io_oeb[26]                                 
io_oeb[37]                                 |io_oeb[37]                                 
io_out[10]                                 |io_out[10]                                 
io_out[21]                                 |io_out[21]                                 
io_oeb[14]                                 |io_oeb[14]                                 
io_oeb[25]                                 |io_oeb[25]                                 
io_oeb[36]                                 |io_oeb[36]                                 
io_oeb[3]                                  |io_oeb[3]                                  
io_out[20]                                 |io_out[20]                                 
io_out[31]                                 |io_out[31]                                 
io_out[9]                                  |io_out[9]                                  
io_oeb[13]                                 |io_oeb[13]                                 
io_oeb[24]                                 |io_oeb[24]                                 
io_oeb[35]                                 |io_oeb[35]                                 
io_oeb[2]                                  |io_oeb[2]                                  
io_out[19]                                 |io_out[19]                                 
io_out[30]                                 |io_out[30]                                 
io_out[8]                                  |io_out[8]                                  
io_oeb[23]                                 |io_oeb[23]                                 
io_oeb[34]                                 |io_oeb[34]                                 
io_oeb[12]                                 |io_oeb[12]                                 
io_out[29]                                 |io_out[29]                                 
io_out[7]                                  |io_out[7]                                  
io_out[18]                                 |io_out[18]                                 
io_oeb[22]                                 |io_oeb[22]                                 
io_oeb[33]                                 |io_oeb[33]                                 
io_oeb[11]                                 |io_oeb[11]                                 
io_out[28]                                 |io_out[28]                                 
io_out[6]                                  |io_out[6]                                  
io_out[17]                                 |io_out[17]                                 
io_oeb[32]                                 |io_oeb[32]                                 
io_oeb[10]                                 |io_oeb[10]                                 
io_oeb[21]                                 |io_oeb[21]                                 
io_out[5]                                  |io_out[5]                                  
io_out[16]                                 |io_out[16]                                 
io_out[27]                                 |io_out[27]                                 
io_oeb[9]                                  |io_oeb[9]                                  
io_oeb[20]                                 |io_oeb[20]                                 
io_oeb[31]                                 |io_oeb[31]                                 
io_out[37]                                 |io_out[37]                                 
io_out[4]                                  |io_out[4]                                  
io_out[15]                                 |io_out[15]                                 
io_out[26]                                 |io_out[26]                                 
io_oeb[19]                                 |io_oeb[19]                                 
io_oeb[30]                                 |io_oeb[30]                                 
io_out[14]                                 |io_out[14]                                 
io_out[25]                                 |io_out[25]                                 
io_out[36]                                 |io_out[36]                                 
io_out[3]                                  |io_out[3]                                  
io_oeb[29]                                 |io_oeb[29]                                 
io_out[13]                                 |io_out[13]                                 
io_out[24]                                 |io_out[24]                                 
io_out[35]                                 |io_out[35]                                 
io_out[2]                                  |io_out[2]                                  
io_out[23]                                 |io_out[23]                                 
io_out[34]                                 |io_out[34]                                 
io_out[12]                                 |io_out[12]                                 
io_out[22]                                 |io_out[22]                                 
io_out[33]                                 |io_out[33]                                 
io_out[32]                                 |io_out[32]                                 
wb_clk_i                                   |wb_clk_i                                   
io_in[0]                                   |io_in[0]                                   
wb_rst_i                                   |wb_rst_i                                   
io_in[3]                                   |io_in[3]                                   
wbs_sel_i[0]                               |wbs_sel_i[0]                               
io_in[1]                                   |io_in[1]                                   
io_in[2]                                   |io_in[2]                                   
wbs_we_i                                   |wbs_we_i                                   
wbs_sel_i[1]                               |wbs_sel_i[1]                               
wbs_sel_i[2]                               |wbs_sel_i[2]                               
vdd                                        |vdd                                        
vss                                        |vss                                        
io_in[10]                                  |io_in[10]                                  
io_in[11]                                  |io_in[11]                                  
io_in[12]                                  |io_in[12]                                  
io_in[13]                                  |io_in[13]                                  
io_in[14]                                  |io_in[14]                                  
io_in[15]                                  |io_in[15]                                  
io_in[16]                                  |io_in[16]                                  
io_in[17]                                  |io_in[17]                                  
io_in[18]                                  |io_in[18]                                  
io_in[19]                                  |io_in[19]                                  
io_in[20]                                  |io_in[20]                                  
io_in[21]                                  |io_in[21]                                  
io_in[22]                                  |io_in[22]                                  
io_in[23]                                  |io_in[23]                                  
io_in[24]                                  |io_in[24]                                  
io_in[25]                                  |io_in[25]                                  
io_in[26]                                  |io_in[26]                                  
io_in[27]                                  |io_in[27]                                  
io_in[28]                                  |io_in[28]                                  
io_in[29]                                  |io_in[29]                                  
io_in[30]                                  |io_in[30]                                  
io_in[31]                                  |io_in[31]                                  
io_in[32]                                  |io_in[32]                                  
io_in[33]                                  |io_in[33]                                  
io_in[34]                                  |io_in[34]                                  
io_in[35]                                  |io_in[35]                                  
io_in[36]                                  |io_in[36]                                  
io_in[37]                                  |io_in[37]                                  
io_in[4]                                   |io_in[4]                                   
io_in[5]                                   |io_in[5]                                   
io_in[6]                                   |io_in[6]                                   
io_in[7]                                   |io_in[7]                                   
io_in[8]                                   |io_in[8]                                   
io_in[9]                                   |io_in[9]                                   
wbs_sel_i[3]                               |wbs_sel_i[3]                               
---------------------------------------------------------------------------------------
Cell pin lists are equivalent.
Device classes plant_example and plant_example are equivalent.

Final result: Circuits match uniquely.
.
