
===========================================================================
report_checks -unconstrained
============================================================================
Startpoint: wbs_we_i (input port clocked by wb_clk_i)
Endpoint: _126_ (rising edge-triggered flip-flop clocked by wb_clk_i)
Path Group: wb_clk_i
Path Type: max

Fanout     Cap    Slew   Delay    Time   Description
-----------------------------------------------------------------------------
                  0.15    0.00    0.00   clock wb_clk_i (rise edge)
                          0.00    0.00   clock network delay (ideal)
                          6.00    6.00 ^ input external delay
                  0.39    0.22    6.22 ^ wbs_we_i (in)
     4    0.02                           wbs_we_i (net)
                  0.39    0.00    6.22 ^ _061_/I (gf180mcu_fd_sc_mcu7t5v0__clkinv_1)
                  0.21    0.18    6.40 v _061_/ZN (gf180mcu_fd_sc_mcu7t5v0__clkinv_1)
     2    0.01                           _003_ (net)
                  0.21    0.00    6.40 v _072_/A1 (gf180mcu_fd_sc_mcu7t5v0__nor4_1)
                  0.78    0.43    6.83 ^ _072_/ZN (gf180mcu_fd_sc_mcu7t5v0__nor4_1)
     2    0.01                           _014_ (net)
                  0.78    0.00    6.83 ^ _073_/I (gf180mcu_fd_sc_mcu7t5v0__buf_1)
                  0.34    0.40    7.23 ^ _073_/Z (gf180mcu_fd_sc_mcu7t5v0__buf_1)
     4    0.02                           _015_ (net)
                  0.34    0.00    7.23 ^ _097_/A3 (gf180mcu_fd_sc_mcu7t5v0__and4_1)
                  0.27    0.57    7.80 ^ _097_/Z (gf180mcu_fd_sc_mcu7t5v0__and4_1)
     2    0.01                           _036_ (net)
                  0.27    0.00    7.80 ^ _114_/B (gf180mcu_fd_sc_mcu7t5v0__aoi21_1)
                  0.25    0.21    8.01 v _114_/ZN (gf180mcu_fd_sc_mcu7t5v0__aoi21_1)
     1    0.00                           _052_ (net)
                  0.25    0.00    8.01 v _115_/A2 (gf180mcu_fd_sc_mcu7t5v0__oai21_1)
                  0.27    0.21    8.23 ^ _115_/ZN (gf180mcu_fd_sc_mcu7t5v0__oai21_1)
     1    0.00                           _053_ (net)
                  0.27    0.00    8.23 ^ _116_/A4 (gf180mcu_fd_sc_mcu7t5v0__and4_1)
                  0.17    0.49    8.72 ^ _116_/Z (gf180mcu_fd_sc_mcu7t5v0__and4_1)
     1    0.00                           _054_ (net)
                  0.17    0.00    8.72 ^ _117_/I (gf180mcu_fd_sc_mcu7t5v0__buf_1)
                  0.14    0.23    8.95 ^ _117_/Z (gf180mcu_fd_sc_mcu7t5v0__buf_1)
     1    0.00                           fsm_plant_opt.tmp2411 (net)
                  0.14    0.00    8.95 ^ _126_/D (gf180mcu_fd_sc_mcu7t5v0__dffq_1)
                                  8.95   data arrival time

                  0.15   30.00   30.00   clock wb_clk_i (rise edge)
                          0.00   30.00   clock network delay (ideal)
                         -0.25   29.75   clock uncertainty
                          0.00   29.75   clock reconvergence pessimism
                                 29.75 ^ _126_/CLK (gf180mcu_fd_sc_mcu7t5v0__dffq_1)
                         -0.21   29.54   library setup time
                                 29.54   data required time
-----------------------------------------------------------------------------
                                 29.54   data required time
                                 -8.95   data arrival time
-----------------------------------------------------------------------------
                                 20.59   slack (MET)



===========================================================================
report_checks --slack_max -0.01
============================================================================
No paths found.
