
===========================================================================
report_checks -unconstrained
============================================================================
Startpoint: io_in[1] (input port clocked by wb_clk_i)
Endpoint: _126_ (rising edge-triggered flip-flop clocked by wb_clk_i)
Path Group: wb_clk_i
Path Type: max

Fanout     Cap    Slew   Delay    Time   Description
-----------------------------------------------------------------------------
                  0.15    0.00    0.00   clock wb_clk_i (rise edge)
                          0.00    0.00   clock network delay (ideal)
                          6.00    6.00 ^ input external delay
                  0.10    0.03    6.03 ^ io_in[1] (in)
     1    0.00                           io_in[1] (net)
                  0.10    0.00    6.03 ^ input2/I (gf180mcu_fd_sc_mcu7t5v0__dlyb_1)
                  0.21    0.95    6.98 ^ input2/Z (gf180mcu_fd_sc_mcu7t5v0__dlyb_1)
     2    0.01                           net2 (net)
                  0.21    0.00    6.98 ^ _095_/A3 (gf180mcu_fd_sc_mcu7t5v0__and4_1)
                  0.32    0.60    7.59 ^ _095_/Z (gf180mcu_fd_sc_mcu7t5v0__and4_1)
     2    0.01                           _034_ (net)
                  0.32    0.00    7.59 ^ _104_/A2 (gf180mcu_fd_sc_mcu7t5v0__nand2_1)
                  0.32    0.20    7.79 v _104_/ZN (gf180mcu_fd_sc_mcu7t5v0__nand2_1)
     3    0.01                           _043_ (net)
                  0.32    0.00    7.79 v _105_/A3 (gf180mcu_fd_sc_mcu7t5v0__or3_1)
                  0.28    0.73    8.52 v _105_/Z (gf180mcu_fd_sc_mcu7t5v0__or3_1)
     2    0.01                           _044_ (net)
                  0.28    0.00    8.52 v _115_/B (gf180mcu_fd_sc_mcu7t5v0__oai21_1)
                  0.27    0.24    8.76 ^ _115_/ZN (gf180mcu_fd_sc_mcu7t5v0__oai21_1)
     1    0.00                           _053_ (net)
                  0.27    0.00    8.76 ^ _116_/A4 (gf180mcu_fd_sc_mcu7t5v0__and4_1)
                  0.19    0.50    9.26 ^ _116_/Z (gf180mcu_fd_sc_mcu7t5v0__and4_1)
     1    0.00                           _054_ (net)
                  0.19    0.00    9.26 ^ _117_/I (gf180mcu_fd_sc_mcu7t5v0__clkbuf_1)
                  0.13    0.23    9.49 ^ _117_/Z (gf180mcu_fd_sc_mcu7t5v0__clkbuf_1)
     1    0.00                           fsm_plant_opt.tmp2411 (net)
                  0.13    0.00    9.49 ^ _126_/D (gf180mcu_fd_sc_mcu7t5v0__dffq_1)
                                  9.49   data arrival time

                  0.15   30.00   30.00   clock wb_clk_i (rise edge)
                          0.00   30.00   clock network delay (ideal)
                         -0.25   29.75   clock uncertainty
                          0.00   29.75   clock reconvergence pessimism
                                 29.75 ^ _126_/CLK (gf180mcu_fd_sc_mcu7t5v0__dffq_1)
                         -0.21   29.54   library setup time
                                 29.54   data required time
-----------------------------------------------------------------------------
                                 29.54   data required time
                                 -9.49   data arrival time
-----------------------------------------------------------------------------
                                 20.05   slack (MET)



===========================================================================
report_checks --slack_max -0.01
============================================================================
No paths found.
